🚀 Starting Flask app on http://localhost:5000
 * Serving Flask app 'app'
 * Debug mode: on
[31m[1mWARNING: This is a development server. Do not use it in a production deployment. Use a production WSGI server instead.[0m
 * Running on all addresses (0.0.0.0)
 * Running on http://127.0.0.1:5000
 * Running on http://100.64.0.1:5000
[33mPress CTRL+C to quit[0m
 * Restarting with stat
 * Debugger is active!
 * Debugger PIN: 665-795-569
🚀 Starting Flask app on http://localhost:5000
Traceback (most recent call last):
  File "/Users/bhurvasharma/dashboard/app.py", line 319, in <module>
    app.run(debug=True, port=port, host='0.0.0.0')
  File "/Users/bhurvasharma/dashboard/venv/lib/python3.11/site-packages/flask/app.py", line 625, in run
    run_simple(t.cast(str, host), port, self, **options)
  File "/Users/bhurvasharma/dashboard/venv/lib/python3.11/site-packages/werkzeug/serving.py", line 1115, in run_simple
    run_with_reloader(
  File "/Users/bhurvasharma/dashboard/venv/lib/python3.11/site-packages/werkzeug/_reloader.py", line 459, in run_with_reloader
    ensure_echo_on()
  File "/Users/bhurvasharma/dashboard/venv/lib/python3.11/site-packages/werkzeug/_reloader.py", line 439, in ensure_echo_on
    termios.tcsetattr(sys.stdin, termios.TCSANOW, attributes)
termios.error: (4, 'Interrupted system call')
Fatal Python error: init_sys_streams: can't initialize sys standard streams
Python runtime state: core initialized
OSError: [Errno 9] Bad file descriptor

Current thread 0x000000020b83ac40 (most recent call first):
  <no Python frame>
