
  You can now view your Streamlit app in your browser.

  Local URL: http://localhost:8501
  Network URL: http://100.64.0.1:8501

  For better performance, install the Watchdog module:

  $ xcode-select --install
  $ pip install watchdog
            
2026-01-12 11:30:23,462 - [INFO] - api_client - ================================================================================
2026-01-12 11:30:23,463 - [INFO] - api_client - LOGIN REQUEST INITIATED
2026-01-12 11:30:23,463 - [INFO] - api_client - ================================================================================
2026-01-12 11:30:23,463 - [INFO] - api_client - URL: https://avantemedicals.com/API/api.php?action=login
2026-01-12 11:30:23,464 - [DEBUG] - api_client - Username: u2vp8kb
2026-01-12 11:30:23,464 - [DEBUG] - api_client - Request Payload: {
  "username": "u2vp8kb",
  "password": "Orthopedic Implant Analytics Dashboard - Stage 1 \ud83d\udcca Key Metrics - Selected Date Range \ud83d\udcb0 Revenue  Rs. 65.71 Lakh Selected Range (06-11-2025 to 12-11-2025)  \ud83d\udce6 Total Quantity  20.20 K Selected Range (06-11-2025 to 12-11-2025)  \ud83c\udfc6 Most Sold Item  3.5mm Cortical Screw 20TPI, Self Tapping ( Tit ) By Quantity  \ud83d\udcca Total Orders  369 Selected Range (06-11-2025 to 12-11-2025)  \ud83d\uddfa\ufe0f Top State  GUJARAT 98 orders  \ud83c\udfd9\ufe0f Top Area  Vadodara 72 orders  \ud83e\udd1d Top Dealer  Innovative Ortho Surgicals Pvt. Ltd, 68 orders  \ud83d\udcc2 Categories  11 Unique"
}
2026-01-12 11:30:23,469 - [DEBUG] - urllib3.connectionpool - Starting new HTTPS connection (1): avantemedicals.com:443
2026-01-12 11:30:24,103 - [DEBUG] - urllib3.connectionpool - https://avantemedicals.com:443 "POST /API/api.php?action=login HTTP/1.1" 200 None
2026-01-12 11:30:24,104 - [INFO] - api_client - Response Status Code: 200
2026-01-12 11:30:24,104 - [DEBUG] - api_client - Response Headers: {'Date': 'Mon, 12 Jan 2026 06:00:24 GMT', 'Server': 'Apache', 'Cache-Control': 'no-store, no-cache, must-revalidate, max-age=0, post-check=0, pre-check=0', 'Access-Control-Allow-Headers': 'Content-Type, Origin, Authorization', 'Pragma': 'no-cache', 'Content-Encoding': 'gzip', 'Vary': 'Accept-Encoding', 'Keep-Alive': 'timeout=5, max=100', 'Connection': 'Keep-Alive', 'Transfer-Encoding': 'chunked', 'Content-Type': 'application/json'}
2026-01-12 11:30:24,104 - [DEBUG] - api_client - Raw Response Text: {"status":"error","message":"Invalid credentials"}
2026-01-12 11:30:24,104 - [INFO] - api_client - Response JSON: {
  "status": "error",
  "message": "Invalid credentials"
}
2026-01-12 11:30:24,104 - [DEBUG] - api_client - Login Success Check: False
2026-01-12 11:30:24,104 - [ERROR] - api_client - ❌ LOGIN FAILED: Invalid credentials
2026-01-12 11:30:24,104 - [INFO] - api_client - ================================================================================
2026-01-12 11:30:33,287 - [INFO] - api_client - ================================================================================
2026-01-12 11:30:33,287 - [INFO] - api_client - LOGIN REQUEST INITIATED
2026-01-12 11:30:33,287 - [INFO] - api_client - ================================================================================
2026-01-12 11:30:33,287 - [INFO] - api_client - URL: https://avantemedicals.com/API/api.php?action=login
2026-01-12 11:30:33,287 - [DEBUG] - api_client - Username: u2vp8kb
2026-01-12 11:30:33,287 - [DEBUG] - api_client - Request Payload: {
  "username": "u2vp8kb",
  "password": "asdftuy#$%78@!"
}
2026-01-12 11:30:33,289 - [DEBUG] - urllib3.connectionpool - Starting new HTTPS connection (1): avantemedicals.com:443
2026-01-12 11:30:33,880 - [DEBUG] - urllib3.connectionpool - https://avantemedicals.com:443 "POST /API/api.php?action=login HTTP/1.1" 200 None
2026-01-12 11:30:33,881 - [INFO] - api_client - Response Status Code: 200
2026-01-12 11:30:33,882 - [DEBUG] - api_client - Response Headers: {'Date': 'Mon, 12 Jan 2026 06:00:33 GMT', 'Server': 'Apache', 'Cache-Control': 'no-store, no-cache, must-revalidate, max-age=0, post-check=0, pre-check=0', 'Access-Control-Allow-Headers': 'Content-Type, Origin, Authorization', 'Pragma': 'no-cache', 'Content-Encoding': 'gzip', 'Vary': 'Accept-Encoding', 'Keep-Alive': 'timeout=5, max=100', 'Connection': 'Keep-Alive', 'Transfer-Encoding': 'chunked', 'Content-Type': 'application/json'}
2026-01-12 11:30:33,882 - [DEBUG] - api_client - Raw Response Text: {"status":"success","token":"eyJhbGciOiJIUzI1NiIsInR5cCI6IkpXVCJ9.eyJpc3MiOiJhdmFudGVtZWRpY2Fscy5jb20iLCJhdWQiOiJhdmFudGVtZWRpY2Fscy5jb20iLCJpYXQiOjE3NjgxOTc2MzMsImV4cCI6MTc2ODIwMTIzMywiZGF0YSI6eyJhcGlfdXNlcl9pZCI6IjEiLCJ1c2VybmFtZSI6InUydnA4a2IifX0.rRMmdXOFWRWqLN59KqyDZYX8Caj2wZWQqmjuiTXe_WI","refresh_token":"eyJhbGciOiJIUzI1NiIsInR5cCI6IkpXVCJ9.eyJpc3MiOiJhdmFudGVtZWRpY2Fscy5jb20iLCJhdWQiOiJhdmFudGVtZWRpY2Fscy5jb20iLCJpYXQiOjE3NjgxOTc2MzMsImV4cCI6MTc2ODgwMjQzMywiZGF0YSI6eyJhcGlfdXNlcl9pZCI6IjE
2026-01-12 11:30:33,882 - [INFO] - api_client - Response JSON: {
  "status": "success",
  "token": "eyJhbGciOiJIUzI1NiIsInR5cCI6IkpXVCJ9.eyJpc3MiOiJhdmFudGVtZWRpY2Fscy5jb20iLCJhdWQiOiJhdmFudGVtZWRpY2Fscy5jb20iLCJpYXQiOjE3NjgxOTc2MzMsImV4cCI6MTc2ODIwMTIzMywiZGF0YSI6eyJhcGlfdXNlcl9pZCI6IjEiLCJ1c2VybmFtZSI6InUydnA4a2IifX0.rRMmdXOFWRWqLN59KqyDZYX8Caj2wZWQqmjuiTXe_WI",
  "refresh_token": "eyJhbGciOiJIUzI1NiIsInR5cCI6IkpXVCJ9.eyJpc3MiOiJhdmFudGVtZWRpY2Fscy5jb20iLCJhdWQiOiJhdmFudGVtZWRpY2Fscy5jb20iLCJpYXQiOjE3NjgxOTc2MzMsImV4cCI6MTc2ODgwMjQzMywiZGF0YSI6eyJhcGlfdXNlcl9pZCI6IjEifX0.TLCtfXHP0qpKJlzqYt3xFrVVlIt5L-jj0JLE6u8MBIU"
}
2026-01-12 11:30:33,882 - [DEBUG] - api_client - Login Success Check: True
2026-01-12 11:30:33,882 - [DEBUG] - api_client - Token Extracted: eyJhbGciOiJIUzI1NiIs...
2026-01-12 11:30:33,883 - [DEBUG] - api_client - Refresh Token Extracted: eyJhbGciOiJIUzI1NiIs...
2026-01-12 11:30:33,883 - [INFO] - api_client - ✅ LOGIN SUCCESSFUL - Token expires at: 2026-01-12 12:30:33.883207
2026-01-12 11:30:33,883 - [INFO] - api_client - ================================================================================
2026-01-12 11:30:33,957 - [INFO] - api_client - ================================================================================
2026-01-12 11:30:33,957 - [INFO] - api_client - FETCH DASHBOARD DATA INITIATED
2026-01-12 11:30:33,957 - [INFO] - api_client - ================================================================================
2026-01-12 11:30:33,957 - [INFO] - api_client - Parameters - Period: year, Start Date: 01-01-2026, End Date: 12-01-2026
2026-01-12 11:30:33,957 - [INFO] - api_client - 📊 KEY METRICS: Using data for range 01-01-2026 to 12-01-2026
2026-01-12 11:30:33,958 - [DEBUG] - api_client - Cache Key: api_data_01-01-2026_12-01-2026
2026-01-12 11:30:33,958 - [DEBUG] - api_client - No cached data found, fetching from API...
2026-01-12 11:30:33,958 - [DEBUG] - api_client - Date range converted: 2026-01-01 00:00:00 to 2026-01-12 00:00:00
2026-01-12 11:30:33,958 - [DEBUG] - api_client - Making API call...
2026-01-12 11:30:33,958 - [INFO] - api_client - ================================================================================
2026-01-12 11:30:33,959 - [INFO] - api_client - GET SALES REPORT REQUEST INITIATED
2026-01-12 11:30:33,959 - [INFO] - api_client - ================================================================================
2026-01-12 11:30:33,959 - [INFO] - api_client - Period-based date range: year
2026-01-12 11:30:33,959 - [INFO] - api_client - Date Range - Start: 01-01-2026, End: 12-01-2026
2026-01-12 11:30:33,959 - [DEBUG] - api_client - ✅ Date format validation passed
2026-01-12 11:30:33,959 - [INFO] - api_client - API URL: https://avantemedicals.com/API/api.php?action=get_sales_report
2026-01-12 11:30:33,959 - [DEBUG] - api_client - Request Payload: {
  "action": "get_sales_report",
  "startdate": "01-01-2026",
  "enddate": "12-01-2026"
}
2026-01-12 11:30:33,959 - [DEBUG] - api_client - Request Headers: {
  "Content-Type": "application/json"
}
2026-01-12 11:30:33,960 - [DEBUG] - urllib3.connectionpool - Starting new HTTPS connection (1): avantemedicals.com:443
2026-01-12 11:30:34,712 - [DEBUG] - urllib3.connectionpool - https://avantemedicals.com:443 "POST /API/api.php?action=get_sales_report HTTP/1.1" 200 None
2026-01-12 11:30:34,713 - [INFO] - api_client - Response Status Code: 200
2026-01-12 11:30:34,713 - [DEBUG] - api_client - Response Headers: {'Date': 'Mon, 12 Jan 2026 06:00:34 GMT', 'Server': 'Apache', 'Cache-Control': 'no-store, no-cache, must-revalidate, max-age=0, post-check=0, pre-check=0', 'Access-Control-Allow-Headers': 'Content-Type, Origin, Authorization', 'Pragma': 'no-cache', 'Content-Encoding': 'gzip', 'Vary': 'Accept-Encoding', 'Keep-Alive': 'timeout=5, max=99', 'Connection': 'Keep-Alive', 'Transfer-Encoding': 'chunked', 'Content-Type': 'application/json'}
2026-01-12 11:30:34,715 - [INFO] - api_client - Response Status: success
2026-01-12 11:30:34,715 - [DEBUG] - api_client - Response Keys: ['status', 'report_data']
2026-01-12 11:30:34,715 - [INFO] - api_client - ✅ Records returned: 369
2026-01-12 11:30:34,716 - [DEBUG] - api_client - Sample record (first): {
  "cust_id": "49",
  "id": "184",
  "comp_nm": "S S ORTHO TOOLS ",
  "city": "BANGALORE ",
  "state": "KARNATAKA",
  "parent_category": "Bone Plate",
  "category_name": "AS. Distal Fibula Plate",
  "meta_keyword": "AAs.262",
  "SQ": "6",
  "SV": "7351.86"
}
2026-01-12 11:30:34,716 - [INFO] - api_client - ================================================================================
2026-01-12 11:30:34,720 - [DEBUG] - api_client - API Response received successfully
2026-01-12 11:30:34,720 - [DEBUG] - api_client - Using 'report_data' key - 369 records
2026-01-12 11:30:34,720 - [INFO] - api_client - Converting 369 records to DataFrame...
2026-01-12 11:30:34,722 - [DEBUG] - api_client - DataFrame shape: (369, 10)
2026-01-12 11:30:34,722 - [DEBUG] - api_client - Column names: ['cust_id', 'id', 'comp_nm', 'city', 'state', 'parent_category', 'category_name', 'meta_keyword', 'SQ', 'SV']
2026-01-12 11:30:34,723 - [DEBUG] - api_client - After column mapping: ['Customer ID', 'id', 'Dealer Name', 'City', 'State', 'Category', 'Sub Category', 'Product Code', 'Qty', 'Value']
2026-01-12 11:30:34,724 - [DEBUG] - api_client - Converted Qty to numeric
2026-01-12 11:30:34,725 - [DEBUG] - api_client - Converted Value to numeric
2026-01-12 11:30:34,725 - [INFO] - api_client - No date column found. Generating dates from 01-01-2026 to 12-01-2026
2026-01-12 11:30:34,726 - [INFO] - api_client - ✅ Generated 369 dates across 12 days
2026-01-12 11:30:34,727 - [INFO] - api_client - ✅ Data cached with key: api_data_01-01-2026_12-01-2026
2026-01-12 11:30:34,727 - [INFO] - api_client - Final DataFrame shape: (369, 11)
2026-01-12 11:30:34,727 - [INFO] - api_client - ================================================================================
2026-01-12 11:30:38,124 - [INFO] - api_client - ================================================================================
2026-01-12 11:30:38,125 - [INFO] - api_client - FETCH DASHBOARD DATA INITIATED
2026-01-12 11:30:38,125 - [INFO] - api_client - ================================================================================
2026-01-12 11:30:38,125 - [INFO] - api_client - Parameters - Period: year, Start Date: 02-01-2026, End Date: 12-01-2026
2026-01-12 11:30:38,125 - [INFO] - api_client - 📊 KEY METRICS: Using data for range 02-01-2026 to 12-01-2026
2026-01-12 11:30:38,125 - [DEBUG] - api_client - Cache Key: api_data_02-01-2026_12-01-2026
2026-01-12 11:30:38,125 - [DEBUG] - api_client - No cached data found, fetching from API...
2026-01-12 11:30:38,125 - [DEBUG] - api_client - Date range converted: 2026-01-02 00:00:00 to 2026-01-12 00:00:00
2026-01-12 11:30:38,126 - [DEBUG] - api_client - Making API call...
2026-01-12 11:30:38,126 - [INFO] - api_client - ================================================================================
2026-01-12 11:30:38,126 - [INFO] - api_client - GET SALES REPORT REQUEST INITIATED
2026-01-12 11:30:38,126 - [INFO] - api_client - ================================================================================
2026-01-12 11:30:38,126 - [INFO] - api_client - Period-based date range: year
2026-01-12 11:30:38,126 - [INFO] - api_client - Date Range - Start: 01-01-2026, End: 12-01-2026
2026-01-12 11:30:38,126 - [DEBUG] - api_client - ✅ Date format validation passed
2026-01-12 11:30:38,126 - [INFO] - api_client - API URL: https://avantemedicals.com/API/api.php?action=get_sales_report
2026-01-12 11:30:38,126 - [DEBUG] - api_client - Request Payload: {
  "action": "get_sales_report",
  "startdate": "01-01-2026",
  "enddate": "12-01-2026"
}
2026-01-12 11:30:38,126 - [DEBUG] - api_client - Request Headers: {
  "Content-Type": "application/json"
}
2026-01-12 11:30:38,128 - [DEBUG] - urllib3.connectionpool - Starting new HTTPS connection (1): avantemedicals.com:443
2026-01-12 11:30:38,928 - [DEBUG] - urllib3.connectionpool - https://avantemedicals.com:443 "POST /API/api.php?action=get_sales_report HTTP/1.1" 200 None
2026-01-12 11:30:38,929 - [INFO] - api_client - Response Status Code: 200
2026-01-12 11:30:38,929 - [DEBUG] - api_client - Response Headers: {'Date': 'Mon, 12 Jan 2026 06:00:38 GMT', 'Server': 'Apache', 'Cache-Control': 'no-store, no-cache, must-revalidate, max-age=0, post-check=0, pre-check=0', 'Access-Control-Allow-Headers': 'Content-Type, Origin, Authorization', 'Pragma': 'no-cache', 'Content-Encoding': 'gzip', 'Vary': 'Accept-Encoding', 'Keep-Alive': 'timeout=5, max=98', 'Connection': 'Keep-Alive', 'Transfer-Encoding': 'chunked', 'Content-Type': 'application/json'}
2026-01-12 11:30:38,930 - [INFO] - api_client - Response Status: success
2026-01-12 11:30:38,930 - [DEBUG] - api_client - Response Keys: ['status', 'report_data']
2026-01-12 11:30:38,930 - [INFO] - api_client - ✅ Records returned: 369
2026-01-12 11:30:38,930 - [DEBUG] - api_client - Sample record (first): {
  "cust_id": "49",
  "id": "184",
  "comp_nm": "S S ORTHO TOOLS ",
  "city": "BANGALORE ",
  "state": "KARNATAKA",
  "parent_category": "Bone Plate",
  "category_name": "AS. Distal Fibula Plate",
  "meta_keyword": "AAs.262",
  "SQ": "6",
  "SV": "7351.86"
}
2026-01-12 11:30:38,930 - [INFO] - api_client - ================================================================================
2026-01-12 11:30:38,932 - [DEBUG] - api_client - API Response received successfully
2026-01-12 11:30:38,932 - [DEBUG] - api_client - Using 'report_data' key - 369 records
2026-01-12 11:30:38,932 - [INFO] - api_client - Converting 369 records to DataFrame...
2026-01-12 11:30:38,933 - [DEBUG] - api_client - DataFrame shape: (369, 10)
2026-01-12 11:30:38,933 - [DEBUG] - api_client - Column names: ['cust_id', 'id', 'comp_nm', 'city', 'state', 'parent_category', 'category_name', 'meta_keyword', 'SQ', 'SV']
2026-01-12 11:30:38,934 - [DEBUG] - api_client - After column mapping: ['Customer ID', 'id', 'Dealer Name', 'City', 'State', 'Category', 'Sub Category', 'Product Code', 'Qty', 'Value']
2026-01-12 11:30:38,935 - [DEBUG] - api_client - Converted Qty to numeric
2026-01-12 11:30:38,935 - [DEBUG] - api_client - Converted Value to numeric
2026-01-12 11:30:38,935 - [INFO] - api_client - No date column found. Generating dates from 02-01-2026 to 12-01-2026
2026-01-12 11:30:38,936 - [INFO] - api_client - ✅ Generated 369 dates across 11 days
2026-01-12 11:30:38,937 - [INFO] - api_client - ✅ Data cached with key: api_data_02-01-2026_12-01-2026
2026-01-12 11:30:38,937 - [INFO] - api_client - Final DataFrame shape: (369, 11)
2026-01-12 11:30:38,937 - [INFO] - api_client - ================================================================================
2026-01-12 11:30:40,759 - [INFO] - api_client - ================================================================================
2026-01-12 11:30:40,759 - [INFO] - api_client - FETCH DASHBOARD DATA INITIATED
2026-01-12 11:30:40,760 - [INFO] - api_client - ================================================================================
2026-01-12 11:30:40,760 - [INFO] - api_client - Parameters - Period: year, Start Date: 02-01-2026, End Date: 03-01-2026
2026-01-12 11:30:40,760 - [INFO] - api_client - 📊 KEY METRICS: Using data for range 02-01-2026 to 03-01-2026
2026-01-12 11:30:40,760 - [DEBUG] - api_client - Cache Key: api_data_02-01-2026_03-01-2026
2026-01-12 11:30:40,760 - [DEBUG] - api_client - No cached data found, fetching from API...
2026-01-12 11:30:40,760 - [DEBUG] - api_client - Date range converted: 2026-01-02 00:00:00 to 2026-01-03 00:00:00
2026-01-12 11:30:40,761 - [DEBUG] - api_client - Making API call...
2026-01-12 11:30:40,761 - [INFO] - api_client - ================================================================================
2026-01-12 11:30:40,761 - [INFO] - api_client - GET SALES REPORT REQUEST INITIATED
2026-01-12 11:30:40,761 - [INFO] - api_client - ================================================================================
2026-01-12 11:30:40,762 - [INFO] - api_client - Period-based date range: year
2026-01-12 11:30:40,762 - [INFO] - api_client - Date Range - Start: 01-01-2026, End: 12-01-2026
2026-01-12 11:30:40,762 - [DEBUG] - api_client - ✅ Date format validation passed
2026-01-12 11:30:40,762 - [INFO] - api_client - API URL: https://avantemedicals.com/API/api.php?action=get_sales_report
2026-01-12 11:30:40,762 - [DEBUG] - api_client - Request Payload: {
  "action": "get_sales_report",
  "startdate": "01-01-2026",
  "enddate": "12-01-2026"
}
2026-01-12 11:30:40,762 - [DEBUG] - api_client - Request Headers: {
  "Content-Type": "application/json"
}
2026-01-12 11:30:40,764 - [DEBUG] - urllib3.connectionpool - Starting new HTTPS connection (1): avantemedicals.com:443
2026-01-12 11:30:41,651 - [DEBUG] - urllib3.connectionpool - https://avantemedicals.com:443 "POST /API/api.php?action=get_sales_report HTTP/1.1" 200 None
2026-01-12 11:30:41,651 - [INFO] - api_client - Response Status Code: 200
2026-01-12 11:30:41,651 - [DEBUG] - api_client - Response Headers: {'Date': 'Mon, 12 Jan 2026 06:00:41 GMT', 'Server': 'Apache', 'Cache-Control': 'no-store, no-cache, must-revalidate, max-age=0, post-check=0, pre-check=0', 'Access-Control-Allow-Headers': 'Content-Type, Origin, Authorization', 'Pragma': 'no-cache', 'Content-Encoding': 'gzip', 'Vary': 'Accept-Encoding', 'Keep-Alive': 'timeout=5, max=97', 'Connection': 'Keep-Alive', 'Transfer-Encoding': 'chunked', 'Content-Type': 'application/json'}
2026-01-12 11:30:41,652 - [INFO] - api_client - Response Status: success
2026-01-12 11:30:41,652 - [DEBUG] - api_client - Response Keys: ['status', 'report_data']
2026-01-12 11:30:41,652 - [INFO] - api_client - ✅ Records returned: 369
2026-01-12 11:30:41,652 - [DEBUG] - api_client - Sample record (first): {
  "cust_id": "49",
  "id": "184",
  "comp_nm": "S S ORTHO TOOLS ",
  "city": "BANGALORE ",
  "state": "KARNATAKA",
  "parent_category": "Bone Plate",
  "category_name": "AS. Distal Fibula Plate",
  "meta_keyword": "AAs.262",
  "SQ": "6",
  "SV": "7351.86"
}
2026-01-12 11:30:41,652 - [INFO] - api_client - ================================================================================
2026-01-12 11:30:41,653 - [DEBUG] - api_client - API Response received successfully
2026-01-12 11:30:41,654 - [DEBUG] - api_client - Using 'report_data' key - 369 records
2026-01-12 11:30:41,654 - [INFO] - api_client - Converting 369 records to DataFrame...
2026-01-12 11:30:41,655 - [DEBUG] - api_client - DataFrame shape: (369, 10)
2026-01-12 11:30:41,655 - [DEBUG] - api_client - Column names: ['cust_id', 'id', 'comp_nm', 'city', 'state', 'parent_category', 'category_name', 'meta_keyword', 'SQ', 'SV']
2026-01-12 11:30:41,655 - [DEBUG] - api_client - After column mapping: ['Customer ID', 'id', 'Dealer Name', 'City', 'State', 'Category', 'Sub Category', 'Product Code', 'Qty', 'Value']
2026-01-12 11:30:41,655 - [DEBUG] - api_client - Converted Qty to numeric
2026-01-12 11:30:41,656 - [DEBUG] - api_client - Converted Value to numeric
2026-01-12 11:30:41,656 - [INFO] - api_client - No date column found. Generating dates from 02-01-2026 to 03-01-2026
2026-01-12 11:30:41,656 - [INFO] - api_client - ✅ Generated 369 dates across 2 days
2026-01-12 11:30:41,657 - [INFO] - api_client - ✅ Data cached with key: api_data_02-01-2026_03-01-2026
2026-01-12 11:30:41,657 - [INFO] - api_client - Final DataFrame shape: (369, 11)
2026-01-12 11:30:41,657 - [INFO] - api_client - ================================================================================
2026-01-12 11:30:52,473 - [INFO] - api_client - ================================================================================
2026-01-12 11:30:52,474 - [INFO] - api_client - FETCH DASHBOARD DATA INITIATED
2026-01-12 11:30:52,474 - [INFO] - api_client - ================================================================================
2026-01-12 11:30:52,474 - [INFO] - api_client - Parameters - Period: year, Start Date: 01-11-2025, End Date: 03-01-2026
2026-01-12 11:30:52,474 - [INFO] - api_client - 📊 KEY METRICS: Using data for range 01-11-2025 to 03-01-2026
2026-01-12 11:30:52,474 - [DEBUG] - api_client - Cache Key: api_data_01-11-2025_03-01-2026
2026-01-12 11:30:52,474 - [DEBUG] - api_client - No cached data found, fetching from API...
2026-01-12 11:30:52,474 - [DEBUG] - api_client - Date range converted: 2025-11-01 00:00:00 to 2026-01-03 00:00:00
2026-01-12 11:30:52,475 - [DEBUG] - api_client - Making API call...
2026-01-12 11:30:52,475 - [INFO] - api_client - ================================================================================
2026-01-12 11:30:52,475 - [INFO] - api_client - GET SALES REPORT REQUEST INITIATED
2026-01-12 11:30:52,475 - [INFO] - api_client - ================================================================================
2026-01-12 11:30:52,475 - [INFO] - api_client - Period-based date range: year
2026-01-12 11:30:52,475 - [INFO] - api_client - Date Range - Start: 01-01-2026, End: 12-01-2026
2026-01-12 11:30:52,475 - [DEBUG] - api_client - ✅ Date format validation passed
2026-01-12 11:30:52,475 - [INFO] - api_client - API URL: https://avantemedicals.com/API/api.php?action=get_sales_report
2026-01-12 11:30:52,475 - [DEBUG] - api_client - Request Payload: {
  "action": "get_sales_report",
  "startdate": "01-01-2026",
  "enddate": "12-01-2026"
}
2026-01-12 11:30:52,475 - [DEBUG] - api_client - Request Headers: {
  "Content-Type": "application/json"
}
2026-01-12 11:30:52,477 - [DEBUG] - urllib3.connectionpool - Starting new HTTPS connection (1): avantemedicals.com:443
2026-01-12 11:30:53,110 - [DEBUG] - urllib3.connectionpool - https://avantemedicals.com:443 "POST /API/api.php?action=get_sales_report HTTP/1.1" 200 None
2026-01-12 11:30:53,111 - [INFO] - api_client - Response Status Code: 200
2026-01-12 11:30:53,111 - [DEBUG] - api_client - Response Headers: {'Date': 'Mon, 12 Jan 2026 06:00:52 GMT', 'Server': 'Apache', 'Cache-Control': 'no-store, no-cache, must-revalidate, max-age=0, post-check=0, pre-check=0', 'Access-Control-Allow-Headers': 'Content-Type, Origin, Authorization', 'Pragma': 'no-cache', 'Content-Encoding': 'gzip', 'Vary': 'Accept-Encoding', 'Keep-Alive': 'timeout=5, max=100', 'Connection': 'Keep-Alive', 'Transfer-Encoding': 'chunked', 'Content-Type': 'application/json'}
2026-01-12 11:30:53,113 - [INFO] - api_client - Response Status: success
2026-01-12 11:30:53,113 - [DEBUG] - api_client - Response Keys: ['status', 'report_data']
2026-01-12 11:30:53,113 - [INFO] - api_client - ✅ Records returned: 369
2026-01-12 11:30:53,113 - [DEBUG] - api_client - Sample record (first): {
  "cust_id": "49",
  "id": "184",
  "comp_nm": "S S ORTHO TOOLS ",
  "city": "BANGALORE ",
  "state": "KARNATAKA",
  "parent_category": "Bone Plate",
  "category_name": "AS. Distal Fibula Plate",
  "meta_keyword": "AAs.262",
  "SQ": "6",
  "SV": "7351.86"
}
2026-01-12 11:30:53,113 - [INFO] - api_client - ================================================================================
2026-01-12 11:30:53,116 - [DEBUG] - api_client - API Response received successfully
2026-01-12 11:30:53,119 - [DEBUG] - api_client - Using 'report_data' key - 369 records
2026-01-12 11:30:53,119 - [INFO] - api_client - Converting 369 records to DataFrame...
2026-01-12 11:30:53,122 - [DEBUG] - api_client - DataFrame shape: (369, 10)
2026-01-12 11:30:53,122 - [DEBUG] - api_client - Column names: ['cust_id', 'id', 'comp_nm', 'city', 'state', 'parent_category', 'category_name', 'meta_keyword', 'SQ', 'SV']
2026-01-12 11:30:53,123 - [DEBUG] - api_client - After column mapping: ['Customer ID', 'id', 'Dealer Name', 'City', 'State', 'Category', 'Sub Category', 'Product Code', 'Qty', 'Value']
2026-01-12 11:30:53,124 - [DEBUG] - api_client - Converted Qty to numeric
2026-01-12 11:30:53,124 - [DEBUG] - api_client - Converted Value to numeric
2026-01-12 11:30:53,125 - [INFO] - api_client - No date column found. Generating dates from 01-11-2025 to 03-01-2026
2026-01-12 11:30:53,125 - [INFO] - api_client - ✅ Generated 369 dates across 64 days
2026-01-12 11:30:53,126 - [INFO] - api_client - ✅ Data cached with key: api_data_01-11-2025_03-01-2026
2026-01-12 11:30:53,127 - [INFO] - api_client - Final DataFrame shape: (369, 11)
2026-01-12 11:30:53,127 - [INFO] - api_client - ================================================================================
2026-01-12 11:31:30,449 - [INFO] - api_client - ================================================================================
2026-01-12 11:31:30,449 - [INFO] - api_client - FETCH DASHBOARD DATA INITIATED
2026-01-12 11:31:30,449 - [INFO] - api_client - ================================================================================
2026-01-12 11:31:30,449 - [INFO] - api_client - Parameters - Period: year, Start Date: 01-01-2026, End Date: 12-01-2026
2026-01-12 11:31:30,449 - [INFO] - api_client - 📊 KEY METRICS: Using data for range 01-01-2026 to 12-01-2026
2026-01-12 11:31:30,450 - [DEBUG] - api_client - Cache Key: api_data_01-01-2026_12-01-2026
2026-01-12 11:31:30,450 - [DEBUG] - api_client - No cached data found, fetching from API...
2026-01-12 11:31:30,450 - [DEBUG] - api_client - Date range converted: 2026-01-01 00:00:00 to 2026-01-12 00:00:00
2026-01-12 11:31:30,450 - [DEBUG] - api_client - Making API call...
2026-01-12 11:31:30,450 - [INFO] - api_client - ================================================================================
2026-01-12 11:31:30,450 - [INFO] - api_client - GET SALES REPORT REQUEST INITIATED
2026-01-12 11:31:30,450 - [INFO] - api_client - ================================================================================
2026-01-12 11:31:30,451 - [INFO] - api_client - Period-based date range: year
2026-01-12 11:31:30,451 - [INFO] - api_client - Date Range - Start: 01-01-2026, End: 12-01-2026
2026-01-12 11:31:30,451 - [DEBUG] - api_client - ✅ Date format validation passed
2026-01-12 11:31:30,451 - [INFO] - api_client - API URL: https://avantemedicals.com/API/api.php?action=get_sales_report
2026-01-12 11:31:30,451 - [DEBUG] - api_client - Request Payload: {
  "action": "get_sales_report",
  "startdate": "01-01-2026",
  "enddate": "12-01-2026"
}
2026-01-12 11:31:30,451 - [DEBUG] - api_client - Request Headers: {
  "Content-Type": "application/json"
}
2026-01-12 11:31:30,452 - [DEBUG] - urllib3.connectionpool - Starting new HTTPS connection (1): avantemedicals.com:443
2026-01-12 11:31:31,246 - [DEBUG] - urllib3.connectionpool - https://avantemedicals.com:443 "POST /API/api.php?action=get_sales_report HTTP/1.1" 200 None
2026-01-12 11:31:31,247 - [INFO] - api_client - Response Status Code: 200
2026-01-12 11:31:31,247 - [DEBUG] - api_client - Response Headers: {'Date': 'Mon, 12 Jan 2026 06:01:30 GMT', 'Server': 'Apache', 'Cache-Control': 'no-store, no-cache, must-revalidate, max-age=0, post-check=0, pre-check=0', 'Access-Control-Allow-Headers': 'Content-Type, Origin, Authorization', 'Pragma': 'no-cache', 'Content-Encoding': 'gzip', 'Vary': 'Accept-Encoding', 'Keep-Alive': 'timeout=5, max=100', 'Connection': 'Keep-Alive', 'Transfer-Encoding': 'chunked', 'Content-Type': 'application/json'}
2026-01-12 11:31:31,249 - [INFO] - api_client - Response Status: success
2026-01-12 11:31:31,249 - [DEBUG] - api_client - Response Keys: ['status', 'report_data']
2026-01-12 11:31:31,249 - [INFO] - api_client - ✅ Records returned: 369
2026-01-12 11:31:31,249 - [DEBUG] - api_client - Sample record (first): {
  "cust_id": "49",
  "id": "184",
  "comp_nm": "S S ORTHO TOOLS ",
  "city": "BANGALORE ",
  "state": "KARNATAKA",
  "parent_category": "Bone Plate",
  "category_name": "AS. Distal Fibula Plate",
  "meta_keyword": "AAs.262",
  "SQ": "6",
  "SV": "7351.86"
}
2026-01-12 11:31:31,249 - [INFO] - api_client - ================================================================================
2026-01-12 11:31:31,252 - [DEBUG] - api_client - API Response received successfully
2026-01-12 11:31:31,252 - [DEBUG] - api_client - Using 'report_data' key - 369 records
2026-01-12 11:31:31,252 - [INFO] - api_client - Converting 369 records to DataFrame...
2026-01-12 11:31:31,255 - [DEBUG] - api_client - DataFrame shape: (369, 10)
2026-01-12 11:31:31,255 - [DEBUG] - api_client - Column names: ['cust_id', 'id', 'comp_nm', 'city', 'state', 'parent_category', 'category_name', 'meta_keyword', 'SQ', 'SV']
2026-01-12 11:31:31,256 - [DEBUG] - api_client - After column mapping: ['Customer ID', 'id', 'Dealer Name', 'City', 'State', 'Category', 'Sub Category', 'Product Code', 'Qty', 'Value']
2026-01-12 11:31:31,257 - [DEBUG] - api_client - Converted Qty to numeric
2026-01-12 11:31:31,258 - [DEBUG] - api_client - Converted Value to numeric
2026-01-12 11:31:31,258 - [INFO] - api_client - No date column found. Generating dates from 01-01-2026 to 12-01-2026
2026-01-12 11:31:31,260 - [INFO] - api_client - ✅ Generated 369 dates across 12 days
2026-01-12 11:31:31,261 - [INFO] - api_client - ✅ Data cached with key: api_data_01-01-2026_12-01-2026
2026-01-12 11:31:31,262 - [INFO] - api_client - Final DataFrame shape: (369, 11)
2026-01-12 11:31:31,262 - [INFO] - api_client - ================================================================================
2026-01-12 11:32:07,473 - [INFO] - api_client - ================================================================================
2026-01-12 11:32:07,474 - [INFO] - api_client - FETCH DASHBOARD DATA INITIATED
2026-01-12 11:32:07,474 - [INFO] - api_client - ================================================================================
2026-01-12 11:32:07,474 - [INFO] - api_client - Parameters - Period: year, Start Date: 05-11-2025, End Date: 03-01-2026
2026-01-12 11:32:07,474 - [INFO] - api_client - 📊 KEY METRICS: Using data for range 05-11-2025 to 03-01-2026
2026-01-12 11:32:07,474 - [DEBUG] - api_client - Cache Key: api_data_05-11-2025_03-01-2026
2026-01-12 11:32:07,475 - [DEBUG] - api_client - No cached data found, fetching from API...
2026-01-12 11:32:07,475 - [DEBUG] - api_client - Date range converted: 2025-11-05 00:00:00 to 2026-01-03 00:00:00
2026-01-12 11:32:07,475 - [DEBUG] - api_client - Making API call...
2026-01-12 11:32:07,476 - [INFO] - api_client - ================================================================================
2026-01-12 11:32:07,476 - [INFO] - api_client - GET SALES REPORT REQUEST INITIATED
2026-01-12 11:32:07,476 - [INFO] - api_client - ================================================================================
2026-01-12 11:32:07,476 - [INFO] - api_client - Period-based date range: year
2026-01-12 11:32:07,476 - [INFO] - api_client - Date Range - Start: 01-01-2026, End: 12-01-2026
2026-01-12 11:32:07,476 - [DEBUG] - api_client - ✅ Date format validation passed
2026-01-12 11:32:07,476 - [INFO] - api_client - API URL: https://avantemedicals.com/API/api.php?action=get_sales_report
2026-01-12 11:32:07,476 - [DEBUG] - api_client - Request Payload: {
  "action": "get_sales_report",
  "startdate": "01-01-2026",
  "enddate": "12-01-2026"
}
2026-01-12 11:32:07,476 - [DEBUG] - api_client - Request Headers: {
  "Content-Type": "application/json"
}
2026-01-12 11:32:07,478 - [DEBUG] - urllib3.connectionpool - Starting new HTTPS connection (1): avantemedicals.com:443
2026-01-12 11:32:12,660 - [DEBUG] - urllib3.connectionpool - https://avantemedicals.com:443 "POST /API/api.php?action=get_sales_report HTTP/1.1" 200 None
2026-01-12 11:32:12,661 - [INFO] - api_client - Response Status Code: 200
2026-01-12 11:32:12,662 - [DEBUG] - api_client - Response Headers: {'Date': 'Mon, 12 Jan 2026 06:02:12 GMT', 'Server': 'Apache', 'Cache-Control': 'no-store, no-cache, must-revalidate, max-age=0, post-check=0, pre-check=0', 'Access-Control-Allow-Headers': 'Content-Type, Origin, Authorization', 'Pragma': 'no-cache', 'Content-Encoding': 'gzip', 'Vary': 'Accept-Encoding', 'Keep-Alive': 'timeout=5, max=100', 'Connection': 'Keep-Alive', 'Transfer-Encoding': 'chunked', 'Content-Type': 'application/json'}
2026-01-12 11:32:12,664 - [INFO] - api_client - Response Status: success
2026-01-12 11:32:12,664 - [DEBUG] - api_client - Response Keys: ['status', 'report_data']
2026-01-12 11:32:12,664 - [INFO] - api_client - ✅ Records returned: 369
2026-01-12 11:32:12,664 - [DEBUG] - api_client - Sample record (first): {
  "cust_id": "49",
  "id": "184",
  "comp_nm": "S S ORTHO TOOLS ",
  "city": "BANGALORE ",
  "state": "KARNATAKA",
  "parent_category": "Bone Plate",
  "category_name": "AS. Distal Fibula Plate",
  "meta_keyword": "AAs.262",
  "SQ": "6",
  "SV": "7351.86"
}
2026-01-12 11:32:12,664 - [INFO] - api_client - ================================================================================
2026-01-12 11:32:12,666 - [DEBUG] - api_client - API Response received successfully
2026-01-12 11:32:12,666 - [DEBUG] - api_client - Using 'report_data' key - 369 records
2026-01-12 11:32:12,666 - [INFO] - api_client - Converting 369 records to DataFrame...
2026-01-12 11:32:12,668 - [DEBUG] - api_client - DataFrame shape: (369, 10)
2026-01-12 11:32:12,668 - [DEBUG] - api_client - Column names: ['cust_id', 'id', 'comp_nm', 'city', 'state', 'parent_category', 'category_name', 'meta_keyword', 'SQ', 'SV']
2026-01-12 11:32:12,669 - [DEBUG] - api_client - After column mapping: ['Customer ID', 'id', 'Dealer Name', 'City', 'State', 'Category', 'Sub Category', 'Product Code', 'Qty', 'Value']
2026-01-12 11:32:12,669 - [DEBUG] - api_client - Converted Qty to numeric
2026-01-12 11:32:12,670 - [DEBUG] - api_client - Converted Value to numeric
2026-01-12 11:32:12,670 - [INFO] - api_client - No date column found. Generating dates from 05-11-2025 to 03-01-2026
2026-01-12 11:32:12,671 - [INFO] - api_client - ✅ Generated 369 dates across 60 days
2026-01-12 11:32:12,671 - [INFO] - api_client - ✅ Data cached with key: api_data_05-11-2025_03-01-2026
2026-01-12 11:32:12,672 - [INFO] - api_client - Final DataFrame shape: (369, 11)
2026-01-12 11:32:12,672 - [INFO] - api_client - ================================================================================
2026-01-12 11:32:15,887 - [INFO] - api_client - ================================================================================
2026-01-12 11:32:15,888 - [INFO] - api_client - FETCH DASHBOARD DATA INITIATED
2026-01-12 11:32:15,888 - [INFO] - api_client - ================================================================================
2026-01-12 11:32:15,888 - [INFO] - api_client - Parameters - Period: year, Start Date: 05-11-2025, End Date: 09-01-2026
2026-01-12 11:32:15,888 - [INFO] - api_client - 📊 KEY METRICS: Using data for range 05-11-2025 to 09-01-2026
2026-01-12 11:32:15,888 - [DEBUG] - api_client - Cache Key: api_data_05-11-2025_09-01-2026
2026-01-12 11:32:15,888 - [DEBUG] - api_client - No cached data found, fetching from API...
2026-01-12 11:32:15,888 - [DEBUG] - api_client - Date range converted: 2025-11-05 00:00:00 to 2026-01-09 00:00:00
2026-01-12 11:32:15,889 - [DEBUG] - api_client - Making API call...
2026-01-12 11:32:15,889 - [INFO] - api_client - ================================================================================
2026-01-12 11:32:15,889 - [INFO] - api_client - GET SALES REPORT REQUEST INITIATED
2026-01-12 11:32:15,889 - [INFO] - api_client - ================================================================================
2026-01-12 11:32:15,889 - [INFO] - api_client - Period-based date range: year
2026-01-12 11:32:15,889 - [INFO] - api_client - Date Range - Start: 01-01-2026, End: 12-01-2026
2026-01-12 11:32:15,889 - [DEBUG] - api_client - ✅ Date format validation passed
2026-01-12 11:32:15,889 - [INFO] - api_client - API URL: https://avantemedicals.com/API/api.php?action=get_sales_report
2026-01-12 11:32:15,890 - [DEBUG] - api_client - Request Payload: {
  "action": "get_sales_report",
  "startdate": "01-01-2026",
  "enddate": "12-01-2026"
}
2026-01-12 11:32:15,890 - [DEBUG] - api_client - Request Headers: {
  "Content-Type": "application/json"
}
2026-01-12 11:32:15,891 - [DEBUG] - urllib3.connectionpool - Starting new HTTPS connection (1): avantemedicals.com:443
2026-01-12 11:32:17,115 - [DEBUG] - urllib3.connectionpool - https://avantemedicals.com:443 "POST /API/api.php?action=get_sales_report HTTP/1.1" 200 None
2026-01-12 11:32:17,117 - [INFO] - api_client - Response Status Code: 200
2026-01-12 11:32:17,117 - [DEBUG] - api_client - Response Headers: {'Date': 'Mon, 12 Jan 2026 06:02:16 GMT', 'Server': 'Apache', 'Cache-Control': 'no-store, no-cache, must-revalidate, max-age=0, post-check=0, pre-check=0', 'Access-Control-Allow-Headers': 'Content-Type, Origin, Authorization', 'Pragma': 'no-cache', 'Content-Encoding': 'gzip', 'Vary': 'Accept-Encoding', 'Keep-Alive': 'timeout=5, max=99', 'Connection': 'Keep-Alive', 'Transfer-Encoding': 'chunked', 'Content-Type': 'application/json'}
2026-01-12 11:32:17,119 - [INFO] - api_client - Response Status: success
2026-01-12 11:32:17,119 - [DEBUG] - api_client - Response Keys: ['status', 'report_data']
2026-01-12 11:32:17,119 - [INFO] - api_client - ✅ Records returned: 369
2026-01-12 11:32:17,119 - [DEBUG] - api_client - Sample record (first): {
  "cust_id": "49",
  "id": "184",
  "comp_nm": "S S ORTHO TOOLS ",
  "city": "BANGALORE ",
  "state": "KARNATAKA",
  "parent_category": "Bone Plate",
  "category_name": "AS. Distal Fibula Plate",
  "meta_keyword": "AAs.262",
  "SQ": "6",
  "SV": "7351.86"
}
2026-01-12 11:32:17,119 - [INFO] - api_client - ================================================================================
2026-01-12 11:32:17,122 - [DEBUG] - api_client - API Response received successfully
2026-01-12 11:32:17,122 - [DEBUG] - api_client - Using 'report_data' key - 369 records
2026-01-12 11:32:17,122 - [INFO] - api_client - Converting 369 records to DataFrame...
2026-01-12 11:32:17,124 - [DEBUG] - api_client - DataFrame shape: (369, 10)
2026-01-12 11:32:17,124 - [DEBUG] - api_client - Column names: ['cust_id', 'id', 'comp_nm', 'city', 'state', 'parent_category', 'category_name', 'meta_keyword', 'SQ', 'SV']
2026-01-12 11:32:17,125 - [DEBUG] - api_client - After column mapping: ['Customer ID', 'id', 'Dealer Name', 'City', 'State', 'Category', 'Sub Category', 'Product Code', 'Qty', 'Value']
2026-01-12 11:32:17,126 - [DEBUG] - api_client - Converted Qty to numeric
2026-01-12 11:32:17,127 - [DEBUG] - api_client - Converted Value to numeric
2026-01-12 11:32:17,127 - [INFO] - api_client - No date column found. Generating dates from 05-11-2025 to 09-01-2026
2026-01-12 11:32:17,128 - [INFO] - api_client - ✅ Generated 369 dates across 66 days
2026-01-12 11:32:17,129 - [INFO] - api_client - ✅ Data cached with key: api_data_05-11-2025_09-01-2026
2026-01-12 11:32:17,129 - [INFO] - api_client - Final DataFrame shape: (369, 11)
2026-01-12 11:32:17,130 - [INFO] - api_client - ================================================================================
2026-01-12 11:32:19,986 - [INFO] - api_client - ================================================================================
2026-01-12 11:32:19,987 - [INFO] - api_client - FETCH DASHBOARD DATA INITIATED
2026-01-12 11:32:19,987 - [INFO] - api_client - ================================================================================
2026-01-12 11:32:19,987 - [INFO] - api_client - Parameters - Period: year, Start Date: 06-11-2025, End Date: 09-01-2026
2026-01-12 11:32:19,987 - [INFO] - api_client - 📊 KEY METRICS: Using data for range 06-11-2025 to 09-01-2026
2026-01-12 11:32:19,987 - [DEBUG] - api_client - Cache Key: api_data_06-11-2025_09-01-2026
2026-01-12 11:32:19,987 - [DEBUG] - api_client - No cached data found, fetching from API...
2026-01-12 11:32:19,987 - [DEBUG] - api_client - Date range converted: 2025-11-06 00:00:00 to 2026-01-09 00:00:00
2026-01-12 11:32:19,988 - [DEBUG] - api_client - Making API call...
2026-01-12 11:32:19,988 - [INFO] - api_client - ================================================================================
2026-01-12 11:32:19,988 - [INFO] - api_client - GET SALES REPORT REQUEST INITIATED
2026-01-12 11:32:19,988 - [INFO] - api_client - ================================================================================
2026-01-12 11:32:19,988 - [INFO] - api_client - Period-based date range: year
2026-01-12 11:32:19,988 - [INFO] - api_client - Date Range - Start: 01-01-2026, End: 12-01-2026
2026-01-12 11:32:19,988 - [DEBUG] - api_client - ✅ Date format validation passed
2026-01-12 11:32:19,988 - [INFO] - api_client - API URL: https://avantemedicals.com/API/api.php?action=get_sales_report
2026-01-12 11:32:19,988 - [DEBUG] - api_client - Request Payload: {
  "action": "get_sales_report",
  "startdate": "01-01-2026",
  "enddate": "12-01-2026"
}
2026-01-12 11:32:19,988 - [DEBUG] - api_client - Request Headers: {
  "Content-Type": "application/json"
}
2026-01-12 11:32:19,990 - [DEBUG] - urllib3.connectionpool - Starting new HTTPS connection (1): avantemedicals.com:443
2026-01-12 11:32:21,446 - [DEBUG] - urllib3.connectionpool - https://avantemedicals.com:443 "POST /API/api.php?action=get_sales_report HTTP/1.1" 200 None
2026-01-12 11:32:21,447 - [INFO] - api_client - Response Status Code: 200
2026-01-12 11:32:21,448 - [DEBUG] - api_client - Response Headers: {'Date': 'Mon, 12 Jan 2026 06:02:20 GMT', 'Server': 'Apache', 'Cache-Control': 'no-store, no-cache, must-revalidate, max-age=0, post-check=0, pre-check=0', 'Access-Control-Allow-Headers': 'Content-Type, Origin, Authorization', 'Pragma': 'no-cache', 'Content-Encoding': 'gzip', 'Vary': 'Accept-Encoding', 'Keep-Alive': 'timeout=5, max=98', 'Connection': 'Keep-Alive', 'Transfer-Encoding': 'chunked', 'Content-Type': 'application/json'}
2026-01-12 11:32:21,450 - [INFO] - api_client - Response Status: success
2026-01-12 11:32:21,450 - [DEBUG] - api_client - Response Keys: ['status', 'report_data']
2026-01-12 11:32:21,450 - [INFO] - api_client - ✅ Records returned: 369
2026-01-12 11:32:21,450 - [DEBUG] - api_client - Sample record (first): {
  "cust_id": "49",
  "id": "184",
  "comp_nm": "S S ORTHO TOOLS ",
  "city": "BANGALORE ",
  "state": "KARNATAKA",
  "parent_category": "Bone Plate",
  "category_name": "AS. Distal Fibula Plate",
  "meta_keyword": "AAs.262",
  "SQ": "6",
  "SV": "7351.86"
}
2026-01-12 11:32:21,450 - [INFO] - api_client - ================================================================================
2026-01-12 11:32:21,453 - [DEBUG] - api_client - API Response received successfully
2026-01-12 11:32:21,453 - [DEBUG] - api_client - Using 'report_data' key - 369 records
2026-01-12 11:32:21,453 - [INFO] - api_client - Converting 369 records to DataFrame...
2026-01-12 11:32:21,455 - [DEBUG] - api_client - DataFrame shape: (369, 10)
2026-01-12 11:32:21,455 - [DEBUG] - api_client - Column names: ['cust_id', 'id', 'comp_nm', 'city', 'state', 'parent_category', 'category_name', 'meta_keyword', 'SQ', 'SV']
2026-01-12 11:32:21,456 - [DEBUG] - api_client - After column mapping: ['Customer ID', 'id', 'Dealer Name', 'City', 'State', 'Category', 'Sub Category', 'Product Code', 'Qty', 'Value']
2026-01-12 11:32:21,457 - [DEBUG] - api_client - Converted Qty to numeric
2026-01-12 11:32:21,457 - [DEBUG] - api_client - Converted Value to numeric
2026-01-12 11:32:21,458 - [INFO] - api_client - No date column found. Generating dates from 06-11-2025 to 09-01-2026
2026-01-12 11:32:21,458 - [INFO] - api_client - ✅ Generated 369 dates across 65 days
2026-01-12 11:32:21,459 - [INFO] - api_client - ✅ Data cached with key: api_data_06-11-2025_09-01-2026
2026-01-12 11:32:21,459 - [INFO] - api_client - Final DataFrame shape: (369, 11)
2026-01-12 11:32:21,459 - [INFO] - api_client - ================================================================================
2026-01-12 11:32:25,503 - [INFO] - api_client - ================================================================================
2026-01-12 11:32:25,504 - [INFO] - api_client - FETCH DASHBOARD DATA INITIATED
2026-01-12 11:32:25,504 - [INFO] - api_client - ================================================================================
2026-01-12 11:32:25,504 - [INFO] - api_client - Parameters - Period: year, Start Date: 06-11-2025, End Date: 10-01-2026
2026-01-12 11:32:25,504 - [INFO] - api_client - 📊 KEY METRICS: Using data for range 06-11-2025 to 10-01-2026
2026-01-12 11:32:25,504 - [DEBUG] - api_client - Cache Key: api_data_06-11-2025_10-01-2026
2026-01-12 11:32:25,504 - [DEBUG] - api_client - No cached data found, fetching from API...
2026-01-12 11:32:25,505 - [DEBUG] - api_client - Date range converted: 2025-11-06 00:00:00 to 2026-01-10 00:00:00
2026-01-12 11:32:25,505 - [DEBUG] - api_client - Making API call...
2026-01-12 11:32:25,505 - [INFO] - api_client - ================================================================================
2026-01-12 11:32:25,505 - [INFO] - api_client - GET SALES REPORT REQUEST INITIATED
2026-01-12 11:32:25,505 - [INFO] - api_client - ================================================================================
2026-01-12 11:32:25,505 - [INFO] - api_client - Period-based date range: year
2026-01-12 11:32:25,506 - [INFO] - api_client - Date Range - Start: 01-01-2026, End: 12-01-2026
2026-01-12 11:32:25,506 - [DEBUG] - api_client - ✅ Date format validation passed
2026-01-12 11:32:25,506 - [INFO] - api_client - API URL: https://avantemedicals.com/API/api.php?action=get_sales_report
2026-01-12 11:32:25,506 - [DEBUG] - api_client - Request Payload: {
  "action": "get_sales_report",
  "startdate": "01-01-2026",
  "enddate": "12-01-2026"
}
2026-01-12 11:32:25,506 - [DEBUG] - api_client - Request Headers: {
  "Content-Type": "application/json"
}
2026-01-12 11:32:25,508 - [DEBUG] - urllib3.connectionpool - Starting new HTTPS connection (1): avantemedicals.com:443
2026-01-12 11:32:26,182 - [DEBUG] - urllib3.connectionpool - https://avantemedicals.com:443 "POST /API/api.php?action=get_sales_report HTTP/1.1" 200 None
2026-01-12 11:32:26,182 - [INFO] - api_client - Response Status Code: 200
2026-01-12 11:32:26,182 - [DEBUG] - api_client - Response Headers: {'Date': 'Mon, 12 Jan 2026 06:02:25 GMT', 'Server': 'Apache', 'Cache-Control': 'no-store, no-cache, must-revalidate, max-age=0, post-check=0, pre-check=0', 'Access-Control-Allow-Headers': 'Content-Type, Origin, Authorization', 'Pragma': 'no-cache', 'Content-Encoding': 'gzip', 'Vary': 'Accept-Encoding', 'Keep-Alive': 'timeout=5, max=97', 'Connection': 'Keep-Alive', 'Transfer-Encoding': 'chunked', 'Content-Type': 'application/json'}
2026-01-12 11:32:26,183 - [INFO] - api_client - Response Status: success
2026-01-12 11:32:26,183 - [DEBUG] - api_client - Response Keys: ['status', 'report_data']
2026-01-12 11:32:26,183 - [INFO] - api_client - ✅ Records returned: 369
2026-01-12 11:32:26,183 - [DEBUG] - api_client - Sample record (first): {
  "cust_id": "49",
  "id": "184",
  "comp_nm": "S S ORTHO TOOLS ",
  "city": "BANGALORE ",
  "state": "KARNATAKA",
  "parent_category": "Bone Plate",
  "category_name": "AS. Distal Fibula Plate",
  "meta_keyword": "AAs.262",
  "SQ": "6",
  "SV": "7351.86"
}
2026-01-12 11:32:26,183 - [INFO] - api_client - ================================================================================
2026-01-12 11:32:26,184 - [DEBUG] - api_client - API Response received successfully
2026-01-12 11:32:26,184 - [DEBUG] - api_client - Using 'report_data' key - 369 records
2026-01-12 11:32:26,184 - [INFO] - api_client - Converting 369 records to DataFrame...
2026-01-12 11:32:26,185 - [DEBUG] - api_client - DataFrame shape: (369, 10)
2026-01-12 11:32:26,185 - [DEBUG] - api_client - Column names: ['cust_id', 'id', 'comp_nm', 'city', 'state', 'parent_category', 'category_name', 'meta_keyword', 'SQ', 'SV']
2026-01-12 11:32:26,185 - [DEBUG] - api_client - After column mapping: ['Customer ID', 'id', 'Dealer Name', 'City', 'State', 'Category', 'Sub Category', 'Product Code', 'Qty', 'Value']
2026-01-12 11:32:26,186 - [DEBUG] - api_client - Converted Qty to numeric
2026-01-12 11:32:26,186 - [DEBUG] - api_client - Converted Value to numeric
2026-01-12 11:32:26,186 - [INFO] - api_client - No date column found. Generating dates from 06-11-2025 to 10-01-2026
2026-01-12 11:32:26,186 - [INFO] - api_client - ✅ Generated 369 dates across 66 days
2026-01-12 11:32:26,187 - [INFO] - api_client - ✅ Data cached with key: api_data_06-11-2025_10-01-2026
2026-01-12 11:32:26,187 - [INFO] - api_client - Final DataFrame shape: (369, 11)
2026-01-12 11:32:26,187 - [INFO] - api_client - ================================================================================
2026-01-12 11:32:44,127 - [INFO] - api_client - ================================================================================
2026-01-12 11:32:44,128 - [INFO] - api_client - FETCH DASHBOARD DATA INITIATED
2026-01-12 11:32:44,128 - [INFO] - api_client - ================================================================================
2026-01-12 11:32:44,128 - [INFO] - api_client - Parameters - Period: year, Start Date: 01-01-2026, End Date: 12-01-2026
2026-01-12 11:32:44,128 - [INFO] - api_client - 📊 KEY METRICS: Using data for range 01-01-2026 to 12-01-2026
2026-01-12 11:32:44,128 - [DEBUG] - api_client - Cache Key: api_data_01-01-2026_12-01-2026
2026-01-12 11:32:44,128 - [DEBUG] - api_client - No cached data found, fetching from API...
2026-01-12 11:32:44,128 - [DEBUG] - api_client - Date range converted: 2026-01-01 00:00:00 to 2026-01-12 00:00:00
2026-01-12 11:32:44,129 - [DEBUG] - api_client - Making API call...
2026-01-12 11:32:44,129 - [INFO] - api_client - ================================================================================
2026-01-12 11:32:44,129 - [INFO] - api_client - GET SALES REPORT REQUEST INITIATED
2026-01-12 11:32:44,129 - [INFO] - api_client - ================================================================================
2026-01-12 11:32:44,129 - [INFO] - api_client - Period-based date range: year
2026-01-12 11:32:44,129 - [INFO] - api_client - Date Range - Start: 01-01-2026, End: 12-01-2026
2026-01-12 11:32:44,129 - [DEBUG] - api_client - ✅ Date format validation passed
2026-01-12 11:32:44,129 - [INFO] - api_client - API URL: https://avantemedicals.com/API/api.php?action=get_sales_report
2026-01-12 11:32:44,129 - [DEBUG] - api_client - Request Payload: {
  "action": "get_sales_report",
  "startdate": "01-01-2026",
  "enddate": "12-01-2026"
}
2026-01-12 11:32:44,129 - [DEBUG] - api_client - Request Headers: {
  "Content-Type": "application/json"
}
2026-01-12 11:32:44,131 - [DEBUG] - urllib3.connectionpool - Starting new HTTPS connection (1): avantemedicals.com:443
2026-01-12 11:32:46,157 - [DEBUG] - urllib3.connectionpool - https://avantemedicals.com:443 "POST /API/api.php?action=get_sales_report HTTP/1.1" 200 None
2026-01-12 11:32:46,158 - [INFO] - api_client - Response Status Code: 200
2026-01-12 11:32:46,158 - [DEBUG] - api_client - Response Headers: {'Date': 'Mon, 12 Jan 2026 06:02:45 GMT', 'Server': 'Apache', 'Cache-Control': 'no-store, no-cache, must-revalidate, max-age=0, post-check=0, pre-check=0', 'Access-Control-Allow-Headers': 'Content-Type, Origin, Authorization', 'Pragma': 'no-cache', 'Content-Encoding': 'gzip', 'Vary': 'Accept-Encoding', 'Keep-Alive': 'timeout=5, max=100', 'Connection': 'Keep-Alive', 'Transfer-Encoding': 'chunked', 'Content-Type': 'application/json'}
2026-01-12 11:32:46,160 - [INFO] - api_client - Response Status: success
2026-01-12 11:32:46,160 - [DEBUG] - api_client - Response Keys: ['status', 'report_data']
2026-01-12 11:32:46,160 - [INFO] - api_client - ✅ Records returned: 369
2026-01-12 11:32:46,160 - [DEBUG] - api_client - Sample record (first): {
  "cust_id": "49",
  "id": "184",
  "comp_nm": "S S ORTHO TOOLS ",
  "city": "BANGALORE ",
  "state": "KARNATAKA",
  "parent_category": "Bone Plate",
  "category_name": "AS. Distal Fibula Plate",
  "meta_keyword": "AAs.262",
  "SQ": "6",
  "SV": "7351.86"
}
2026-01-12 11:32:46,160 - [INFO] - api_client - ================================================================================
2026-01-12 11:32:46,163 - [DEBUG] - api_client - API Response received successfully
2026-01-12 11:32:46,164 - [DEBUG] - api_client - Using 'report_data' key - 369 records
2026-01-12 11:32:46,165 - [INFO] - api_client - Converting 369 records to DataFrame...
2026-01-12 11:32:46,167 - [DEBUG] - api_client - DataFrame shape: (369, 10)
2026-01-12 11:32:46,167 - [DEBUG] - api_client - Column names: ['cust_id', 'id', 'comp_nm', 'city', 'state', 'parent_category', 'category_name', 'meta_keyword', 'SQ', 'SV']
2026-01-12 11:32:46,168 - [DEBUG] - api_client - After column mapping: ['Customer ID', 'id', 'Dealer Name', 'City', 'State', 'Category', 'Sub Category', 'Product Code', 'Qty', 'Value']
2026-01-12 11:32:46,169 - [DEBUG] - api_client - Converted Qty to numeric
2026-01-12 11:32:46,169 - [DEBUG] - api_client - Converted Value to numeric
2026-01-12 11:32:46,169 - [INFO] - api_client - No date column found. Generating dates from 01-01-2026 to 12-01-2026
2026-01-12 11:32:46,170 - [INFO] - api_client - ✅ Generated 369 dates across 12 days
2026-01-12 11:32:46,171 - [INFO] - api_client - ✅ Data cached with key: api_data_01-01-2026_12-01-2026
2026-01-12 11:32:46,171 - [INFO] - api_client - Final DataFrame shape: (369, 11)
2026-01-12 11:32:46,171 - [INFO] - api_client - ================================================================================
