
  You can now view your Streamlit app in your browser.

  Local URL: http://localhost:8501
  Network URL: http://100.64.0.1:8501

  For better performance, install the Watchdog module:

  $ xcode-select --install
  $ pip install watchdog
            
2026-01-12 11:14:35,128 - [INFO] - api_client - ================================================================================
2026-01-12 11:14:35,128 - [INFO] - api_client - LOGIN REQUEST INITIATED
2026-01-12 11:14:35,128 - [INFO] - api_client - ================================================================================
2026-01-12 11:14:35,128 - [INFO] - api_client - URL: https://avantemedicals.com/API/api.php?action=login
2026-01-12 11:14:35,128 - [DEBUG] - api_client - Username: u2vp8kb
2026-01-12 11:14:35,129 - [DEBUG] - api_client - Request Payload: {
  "username": "u2vp8kb",
  "password": "asdftuy#$%78@!"
}
2026-01-12 11:14:35,132 - [DEBUG] - urllib3.connectionpool - Starting new HTTPS connection (1): avantemedicals.com:443
2026-01-12 11:14:35,508 - [DEBUG] - urllib3.connectionpool - https://avantemedicals.com:443 "POST /API/api.php?action=login HTTP/1.1" 200 None
2026-01-12 11:14:35,510 - [INFO] - api_client - Response Status Code: 200
2026-01-12 11:14:35,510 - [DEBUG] - api_client - Response Headers: {'Date': 'Mon, 12 Jan 2026 05:44:35 GMT', 'Server': 'Apache', 'Cache-Control': 'no-store, no-cache, must-revalidate, max-age=0, post-check=0, pre-check=0', 'Access-Control-Allow-Headers': 'Content-Type, Origin, Authorization', 'Pragma': 'no-cache', 'Content-Encoding': 'gzip', 'Vary': 'Accept-Encoding', 'Keep-Alive': 'timeout=5, max=100', 'Connection': 'Keep-Alive', 'Transfer-Encoding': 'chunked', 'Content-Type': 'application/json'}
2026-01-12 11:14:35,510 - [DEBUG] - api_client - Raw Response Text: {"status":"success","token":"eyJhbGciOiJIUzI1NiIsInR5cCI6IkpXVCJ9.eyJpc3MiOiJhdmFudGVtZWRpY2Fscy5jb20iLCJhdWQiOiJhdmFudGVtZWRpY2Fscy5jb20iLCJpYXQiOjE3NjgxOTY2NzUsImV4cCI6MTc2ODIwMDI3NSwiZGF0YSI6eyJhcGlfdXNlcl9pZCI6IjEiLCJ1c2VybmFtZSI6InUydnA4a2IifX0.hSb6BUFzqlxMz8P4v5MkrqwiJ_tltldaMflgPtdScKI","refresh_token":"eyJhbGciOiJIUzI1NiIsInR5cCI6IkpXVCJ9.eyJpc3MiOiJhdmFudGVtZWRpY2Fscy5jb20iLCJhdWQiOiJhdmFudGVtZWRpY2Fscy5jb20iLCJpYXQiOjE3NjgxOTY2NzUsImV4cCI6MTc2ODgwMTQ3NSwiZGF0YSI6eyJhcGlfdXNlcl9pZCI6IjE
2026-01-12 11:14:35,511 - [INFO] - api_client - Response JSON: {
  "status": "success",
  "token": "eyJhbGciOiJIUzI1NiIsInR5cCI6IkpXVCJ9.eyJpc3MiOiJhdmFudGVtZWRpY2Fscy5jb20iLCJhdWQiOiJhdmFudGVtZWRpY2Fscy5jb20iLCJpYXQiOjE3NjgxOTY2NzUsImV4cCI6MTc2ODIwMDI3NSwiZGF0YSI6eyJhcGlfdXNlcl9pZCI6IjEiLCJ1c2VybmFtZSI6InUydnA4a2IifX0.hSb6BUFzqlxMz8P4v5MkrqwiJ_tltldaMflgPtdScKI",
  "refresh_token": "eyJhbGciOiJIUzI1NiIsInR5cCI6IkpXVCJ9.eyJpc3MiOiJhdmFudGVtZWRpY2Fscy5jb20iLCJhdWQiOiJhdmFudGVtZWRpY2Fscy5jb20iLCJpYXQiOjE3NjgxOTY2NzUsImV4cCI6MTc2ODgwMTQ3NSwiZGF0YSI6eyJhcGlfdXNlcl9pZCI6IjEifX0.FoEsziUkaHbeuI0rchYackFBgcJGM7P7GGv-X2Mc88E"
}
2026-01-12 11:14:35,511 - [DEBUG] - api_client - Login Success Check: True
2026-01-12 11:14:35,511 - [DEBUG] - api_client - Token Extracted: eyJhbGciOiJIUzI1NiIs...
2026-01-12 11:14:35,511 - [DEBUG] - api_client - Refresh Token Extracted: eyJhbGciOiJIUzI1NiIs...
2026-01-12 11:14:35,511 - [INFO] - api_client - ✅ LOGIN SUCCESSFUL - Token expires at: 2026-01-12 12:14:35.511870
2026-01-12 11:14:35,512 - [INFO] - api_client - ================================================================================
2026-01-12 11:14:35,589 - [INFO] - api_client - ================================================================================
2026-01-12 11:14:35,589 - [INFO] - api_client - FETCH DASHBOARD DATA INITIATED
2026-01-12 11:14:35,590 - [INFO] - api_client - ================================================================================
2026-01-12 11:14:35,590 - [INFO] - api_client - Parameters - Period: year, Start Date: 01-01-2026, End Date: 12-01-2026
2026-01-12 11:14:35,590 - [DEBUG] - api_client - Cache Key: api_data_01-01-2026_12-01-2026
2026-01-12 11:14:35,590 - [DEBUG] - api_client - No cached data found, fetching from API...
2026-01-12 11:14:35,590 - [DEBUG] - api_client - Date range converted: 2026-01-01 00:00:00 to 2026-01-12 00:00:00
2026-01-12 11:14:35,590 - [DEBUG] - api_client - Making API call...
2026-01-12 11:14:35,590 - [INFO] - api_client - ================================================================================
2026-01-12 11:14:35,590 - [INFO] - api_client - GET SALES REPORT REQUEST INITIATED
2026-01-12 11:14:35,591 - [INFO] - api_client - ================================================================================
2026-01-12 11:14:35,591 - [INFO] - api_client - Period-based date range: year
2026-01-12 11:14:35,591 - [INFO] - api_client - Date Range - Start: 01-01-2026, End: 12-01-2026
2026-01-12 11:14:35,591 - [DEBUG] - api_client - ✅ Date format validation passed
2026-01-12 11:14:35,591 - [INFO] - api_client - API URL: https://avantemedicals.com/API/api.php?action=get_sales_report
2026-01-12 11:14:35,591 - [DEBUG] - api_client - Request Payload: {
  "action": "get_sales_report",
  "startdate": "01-01-2026",
  "enddate": "12-01-2026"
}
2026-01-12 11:14:35,591 - [DEBUG] - api_client - Request Headers: {
  "Content-Type": "application/json"
}
2026-01-12 11:14:35,592 - [DEBUG] - urllib3.connectionpool - Starting new HTTPS connection (1): avantemedicals.com:443
2026-01-12 11:14:36,040 - [DEBUG] - urllib3.connectionpool - https://avantemedicals.com:443 "POST /API/api.php?action=get_sales_report HTTP/1.1" 200 None
2026-01-12 11:14:36,042 - [INFO] - api_client - Response Status Code: 200
2026-01-12 11:14:36,043 - [DEBUG] - api_client - Response Headers: {'Date': 'Mon, 12 Jan 2026 05:44:35 GMT', 'Server': 'Apache', 'Cache-Control': 'no-store, no-cache, must-revalidate, max-age=0, post-check=0, pre-check=0', 'Access-Control-Allow-Headers': 'Content-Type, Origin, Authorization', 'Pragma': 'no-cache', 'Content-Encoding': 'gzip', 'Vary': 'Accept-Encoding', 'Keep-Alive': 'timeout=5, max=99', 'Connection': 'Keep-Alive', 'Transfer-Encoding': 'chunked', 'Content-Type': 'application/json'}
2026-01-12 11:14:36,044 - [INFO] - api_client - Response Status: success
2026-01-12 11:14:36,044 - [DEBUG] - api_client - Response Keys: ['status', 'report_data']
2026-01-12 11:14:36,045 - [INFO] - api_client - ✅ Records returned: 369
2026-01-12 11:14:36,045 - [DEBUG] - api_client - Sample record (first): {
  "cust_id": "49",
  "id": "184",
  "comp_nm": "S S ORTHO TOOLS ",
  "city": "BANGALORE ",
  "state": "KARNATAKA",
  "parent_category": "Bone Plate",
  "category_name": "AS. Distal Fibula Plate",
  "meta_keyword": "AAs.262",
  "SQ": "6",
  "SV": "7351.86"
}
2026-01-12 11:14:36,045 - [INFO] - api_client - ================================================================================
2026-01-12 11:14:36,047 - [DEBUG] - api_client - API Response received successfully
2026-01-12 11:14:36,048 - [DEBUG] - api_client - Using 'report_data' key - 369 records
2026-01-12 11:14:36,048 - [INFO] - api_client - Converting 369 records to DataFrame...
2026-01-12 11:14:36,051 - [DEBUG] - api_client - DataFrame shape: (369, 10)
2026-01-12 11:14:36,051 - [DEBUG] - api_client - Column names: ['cust_id', 'id', 'comp_nm', 'city', 'state', 'parent_category', 'category_name', 'meta_keyword', 'SQ', 'SV']
2026-01-12 11:14:36,052 - [DEBUG] - api_client - After column mapping: ['Customer ID', 'id', 'Dealer Name', 'City', 'State', 'Category', 'Sub Category', 'Product Code', 'Qty', 'Value']
2026-01-12 11:14:36,054 - [DEBUG] - api_client - Converted Qty to numeric
2026-01-12 11:14:36,054 - [DEBUG] - api_client - Converted Value to numeric
2026-01-12 11:14:36,054 - [INFO] - api_client - No date column found. Generating dates from 01-01-2026 to 12-01-2026
2026-01-12 11:14:36,059 - [INFO] - api_client - ✅ Generated 369 dates across 12 days
2026-01-12 11:14:36,060 - [INFO] - api_client - ✅ Data cached with key: api_data_01-01-2026_12-01-2026
2026-01-12 11:14:36,060 - [INFO] - api_client - Final DataFrame shape: (369, 11)
2026-01-12 11:14:36,060 - [INFO] - api_client - ================================================================================
2026-01-12 11:14:36,061 - [INFO] - api_client - ================================================================================
2026-01-12 11:14:36,062 - [INFO] - api_client - FETCH DASHBOARD DATA INITIATED
2026-01-12 11:14:36,062 - [INFO] - api_client - ================================================================================
2026-01-12 11:14:36,062 - [INFO] - api_client - Parameters - Period: year, Start Date: 05-01-2026, End Date: 12-01-2026
2026-01-12 11:14:36,062 - [DEBUG] - api_client - Cache Key: api_data_05-01-2026_12-01-2026
2026-01-12 11:14:36,062 - [DEBUG] - api_client - No cached data found, fetching from API...
2026-01-12 11:14:36,062 - [DEBUG] - api_client - Date range converted: 2026-01-05 00:00:00 to 2026-01-12 00:00:00
2026-01-12 11:14:36,062 - [DEBUG] - api_client - Making API call...
2026-01-12 11:14:36,062 - [INFO] - api_client - ================================================================================
2026-01-12 11:14:36,062 - [INFO] - api_client - GET SALES REPORT REQUEST INITIATED
2026-01-12 11:14:36,062 - [INFO] - api_client - ================================================================================
2026-01-12 11:14:36,063 - [INFO] - api_client - Period-based date range: year
2026-01-12 11:14:36,063 - [INFO] - api_client - Date Range - Start: 01-01-2026, End: 12-01-2026
2026-01-12 11:14:36,063 - [DEBUG] - api_client - ✅ Date format validation passed
2026-01-12 11:14:36,063 - [INFO] - api_client - API URL: https://avantemedicals.com/API/api.php?action=get_sales_report
2026-01-12 11:14:36,063 - [DEBUG] - api_client - Request Payload: {
  "action": "get_sales_report",
  "startdate": "01-01-2026",
  "enddate": "12-01-2026"
}
2026-01-12 11:14:36,063 - [DEBUG] - api_client - Request Headers: {
  "Content-Type": "application/json"
}
2026-01-12 11:14:36,064 - [DEBUG] - urllib3.connectionpool - Starting new HTTPS connection (1): avantemedicals.com:443
2026-01-12 11:14:36,687 - [DEBUG] - urllib3.connectionpool - https://avantemedicals.com:443 "POST /API/api.php?action=get_sales_report HTTP/1.1" 200 None
2026-01-12 11:14:36,688 - [INFO] - api_client - Response Status Code: 200
2026-01-12 11:14:36,689 - [DEBUG] - api_client - Response Headers: {'Date': 'Mon, 12 Jan 2026 05:44:36 GMT', 'Server': 'Apache', 'Cache-Control': 'no-store, no-cache, must-revalidate, max-age=0, post-check=0, pre-check=0', 'Access-Control-Allow-Headers': 'Content-Type, Origin, Authorization', 'Pragma': 'no-cache', 'Content-Encoding': 'gzip', 'Vary': 'Accept-Encoding', 'Keep-Alive': 'timeout=5, max=98', 'Connection': 'Keep-Alive', 'Transfer-Encoding': 'chunked', 'Content-Type': 'application/json'}
2026-01-12 11:14:36,690 - [INFO] - api_client - Response Status: success
2026-01-12 11:14:36,690 - [DEBUG] - api_client - Response Keys: ['status', 'report_data']
2026-01-12 11:14:36,690 - [INFO] - api_client - ✅ Records returned: 369
2026-01-12 11:14:36,690 - [DEBUG] - api_client - Sample record (first): {
  "cust_id": "49",
  "id": "184",
  "comp_nm": "S S ORTHO TOOLS ",
  "city": "BANGALORE ",
  "state": "KARNATAKA",
  "parent_category": "Bone Plate",
  "category_name": "AS. Distal Fibula Plate",
  "meta_keyword": "AAs.262",
  "SQ": "6",
  "SV": "7351.86"
}
2026-01-12 11:14:36,690 - [INFO] - api_client - ================================================================================
2026-01-12 11:14:36,693 - [DEBUG] - api_client - API Response received successfully
2026-01-12 11:14:36,693 - [DEBUG] - api_client - Using 'report_data' key - 369 records
2026-01-12 11:14:36,693 - [INFO] - api_client - Converting 369 records to DataFrame...
2026-01-12 11:14:36,696 - [DEBUG] - api_client - DataFrame shape: (369, 10)
2026-01-12 11:14:36,696 - [DEBUG] - api_client - Column names: ['cust_id', 'id', 'comp_nm', 'city', 'state', 'parent_category', 'category_name', 'meta_keyword', 'SQ', 'SV']
2026-01-12 11:14:36,697 - [DEBUG] - api_client - After column mapping: ['Customer ID', 'id', 'Dealer Name', 'City', 'State', 'Category', 'Sub Category', 'Product Code', 'Qty', 'Value']
2026-01-12 11:14:36,698 - [DEBUG] - api_client - Converted Qty to numeric
2026-01-12 11:14:36,699 - [DEBUG] - api_client - Converted Value to numeric
2026-01-12 11:14:36,699 - [INFO] - api_client - No date column found. Generating dates from 05-01-2026 to 12-01-2026
2026-01-12 11:14:36,700 - [INFO] - api_client - ✅ Generated 369 dates across 8 days
2026-01-12 11:14:36,701 - [INFO] - api_client - ✅ Data cached with key: api_data_05-01-2026_12-01-2026
2026-01-12 11:14:36,701 - [INFO] - api_client - Final DataFrame shape: (369, 11)
2026-01-12 11:14:36,701 - [INFO] - api_client - ================================================================================
2026-01-12 11:14:40,105 - [INFO] - api_client - ================================================================================
2026-01-12 11:14:40,106 - [INFO] - api_client - FETCH DASHBOARD DATA INITIATED
2026-01-12 11:14:40,106 - [INFO] - api_client - ================================================================================
2026-01-12 11:14:40,107 - [INFO] - api_client - Parameters - Period: year, Start Date: 15-01-2026, End Date: 12-01-2026
2026-01-12 11:14:40,107 - [DEBUG] - api_client - Cache Key: api_data_15-01-2026_12-01-2026
2026-01-12 11:14:40,107 - [DEBUG] - api_client - No cached data found, fetching from API...
2026-01-12 11:14:40,107 - [DEBUG] - api_client - Date range converted: 2026-01-15 00:00:00 to 2026-01-12 00:00:00
2026-01-12 11:14:40,108 - [DEBUG] - api_client - Making API call...
2026-01-12 11:14:40,108 - [INFO] - api_client - ================================================================================
2026-01-12 11:14:40,109 - [INFO] - api_client - GET SALES REPORT REQUEST INITIATED
2026-01-12 11:14:40,109 - [INFO] - api_client - ================================================================================
2026-01-12 11:14:40,109 - [INFO] - api_client - Period-based date range: year
2026-01-12 11:14:40,109 - [INFO] - api_client - Date Range - Start: 01-01-2026, End: 12-01-2026
2026-01-12 11:14:40,109 - [DEBUG] - api_client - ✅ Date format validation passed
2026-01-12 11:14:40,109 - [INFO] - api_client - API URL: https://avantemedicals.com/API/api.php?action=get_sales_report
2026-01-12 11:14:40,109 - [DEBUG] - api_client - Request Payload: {
  "action": "get_sales_report",
  "startdate": "01-01-2026",
  "enddate": "12-01-2026"
}
2026-01-12 11:14:40,109 - [DEBUG] - api_client - Request Headers: {
  "Content-Type": "application/json"
}
2026-01-12 11:14:40,111 - [DEBUG] - urllib3.connectionpool - Starting new HTTPS connection (1): avantemedicals.com:443
2026-01-12 11:14:40,612 - [DEBUG] - urllib3.connectionpool - https://avantemedicals.com:443 "POST /API/api.php?action=get_sales_report HTTP/1.1" 200 None
2026-01-12 11:14:40,613 - [INFO] - api_client - Response Status Code: 200
2026-01-12 11:14:40,613 - [DEBUG] - api_client - Response Headers: {'Date': 'Mon, 12 Jan 2026 05:44:40 GMT', 'Server': 'Apache', 'Cache-Control': 'no-store, no-cache, must-revalidate, max-age=0, post-check=0, pre-check=0', 'Access-Control-Allow-Headers': 'Content-Type, Origin, Authorization', 'Pragma': 'no-cache', 'Content-Encoding': 'gzip', 'Vary': 'Accept-Encoding', 'Keep-Alive': 'timeout=5, max=97', 'Connection': 'Keep-Alive', 'Transfer-Encoding': 'chunked', 'Content-Type': 'application/json'}
2026-01-12 11:14:40,614 - [INFO] - api_client - Response Status: success
2026-01-12 11:14:40,614 - [DEBUG] - api_client - Response Keys: ['status', 'report_data']
2026-01-12 11:14:40,614 - [INFO] - api_client - ✅ Records returned: 369
2026-01-12 11:14:40,614 - [DEBUG] - api_client - Sample record (first): {
  "cust_id": "49",
  "id": "184",
  "comp_nm": "S S ORTHO TOOLS ",
  "city": "BANGALORE ",
  "state": "KARNATAKA",
  "parent_category": "Bone Plate",
  "category_name": "AS. Distal Fibula Plate",
  "meta_keyword": "AAs.262",
  "SQ": "6",
  "SV": "7351.86"
}
2026-01-12 11:14:40,615 - [INFO] - api_client - ================================================================================
2026-01-12 11:14:40,616 - [DEBUG] - api_client - API Response received successfully
2026-01-12 11:14:40,616 - [DEBUG] - api_client - Using 'report_data' key - 369 records
2026-01-12 11:14:40,616 - [INFO] - api_client - Converting 369 records to DataFrame...
2026-01-12 11:14:40,618 - [DEBUG] - api_client - DataFrame shape: (369, 10)
2026-01-12 11:14:40,618 - [DEBUG] - api_client - Column names: ['cust_id', 'id', 'comp_nm', 'city', 'state', 'parent_category', 'category_name', 'meta_keyword', 'SQ', 'SV']
2026-01-12 11:14:40,618 - [DEBUG] - api_client - After column mapping: ['Customer ID', 'id', 'Dealer Name', 'City', 'State', 'Category', 'Sub Category', 'Product Code', 'Qty', 'Value']
2026-01-12 11:14:40,619 - [DEBUG] - api_client - Converted Qty to numeric
2026-01-12 11:14:40,619 - [DEBUG] - api_client - Converted Value to numeric
2026-01-12 11:14:40,619 - [INFO] - api_client - No date column found. Generating dates from 15-01-2026 to 12-01-2026
2026-01-12 11:14:40,620 - [INFO] - api_client - ✅ Generated 369 dates across -2 days
2026-01-12 11:14:40,620 - [INFO] - api_client - ✅ Data cached with key: api_data_15-01-2026_12-01-2026
2026-01-12 11:14:40,621 - [INFO] - api_client - Final DataFrame shape: (369, 11)
2026-01-12 11:14:40,621 - [INFO] - api_client - ================================================================================
2026-01-12 11:14:40,622 - [INFO] - api_client - ================================================================================
2026-01-12 11:14:40,622 - [INFO] - api_client - FETCH DASHBOARD DATA INITIATED
2026-01-12 11:14:40,622 - [INFO] - api_client - ================================================================================
2026-01-12 11:14:40,622 - [INFO] - api_client - Parameters - Period: year, Start Date: 05-01-2026, End Date: 12-01-2026
2026-01-12 11:14:40,622 - [DEBUG] - api_client - Cache Key: api_data_05-01-2026_12-01-2026
2026-01-12 11:14:40,622 - [INFO] - api_client - ✅ Using cached data for: api_data_05-01-2026_12-01-2026
2026-01-12 11:14:40,623 - [INFO] - api_client - ================================================================================
2026-01-12 11:14:42,395 - [INFO] - api_client - ================================================================================
2026-01-12 11:14:42,396 - [INFO] - api_client - FETCH DASHBOARD DATA INITIATED
2026-01-12 11:14:42,396 - [INFO] - api_client - ================================================================================
2026-01-12 11:14:42,396 - [INFO] - api_client - Parameters - Period: year, Start Date: 15-01-2026, End Date: 15-01-2026
2026-01-12 11:14:42,396 - [DEBUG] - api_client - Cache Key: api_data_15-01-2026_15-01-2026
2026-01-12 11:14:42,396 - [DEBUG] - api_client - No cached data found, fetching from API...
2026-01-12 11:14:42,397 - [DEBUG] - api_client - Date range converted: 2026-01-15 00:00:00 to 2026-01-15 00:00:00
2026-01-12 11:14:42,398 - [DEBUG] - api_client - Making API call...
2026-01-12 11:14:42,398 - [INFO] - api_client - ================================================================================
2026-01-12 11:14:42,398 - [INFO] - api_client - GET SALES REPORT REQUEST INITIATED
2026-01-12 11:14:42,398 - [INFO] - api_client - ================================================================================
2026-01-12 11:14:42,398 - [INFO] - api_client - Period-based date range: year
2026-01-12 11:14:42,398 - [INFO] - api_client - Date Range - Start: 01-01-2026, End: 12-01-2026
2026-01-12 11:14:42,398 - [DEBUG] - api_client - ✅ Date format validation passed
2026-01-12 11:14:42,398 - [INFO] - api_client - API URL: https://avantemedicals.com/API/api.php?action=get_sales_report
2026-01-12 11:14:42,398 - [DEBUG] - api_client - Request Payload: {
  "action": "get_sales_report",
  "startdate": "01-01-2026",
  "enddate": "12-01-2026"
}
2026-01-12 11:14:42,398 - [DEBUG] - api_client - Request Headers: {
  "Content-Type": "application/json"
}
2026-01-12 11:14:42,400 - [DEBUG] - urllib3.connectionpool - Starting new HTTPS connection (1): avantemedicals.com:443
2026-01-12 11:14:42,911 - [DEBUG] - urllib3.connectionpool - https://avantemedicals.com:443 "POST /API/api.php?action=get_sales_report HTTP/1.1" 200 None
2026-01-12 11:14:42,912 - [INFO] - api_client - Response Status Code: 200
2026-01-12 11:14:42,912 - [DEBUG] - api_client - Response Headers: {'Date': 'Mon, 12 Jan 2026 05:44:42 GMT', 'Server': 'Apache', 'Cache-Control': 'no-store, no-cache, must-revalidate, max-age=0, post-check=0, pre-check=0', 'Access-Control-Allow-Headers': 'Content-Type, Origin, Authorization', 'Pragma': 'no-cache', 'Content-Encoding': 'gzip', 'Vary': 'Accept-Encoding', 'Keep-Alive': 'timeout=5, max=96', 'Connection': 'Keep-Alive', 'Transfer-Encoding': 'chunked', 'Content-Type': 'application/json'}
2026-01-12 11:14:42,913 - [INFO] - api_client - Response Status: success
2026-01-12 11:14:42,913 - [DEBUG] - api_client - Response Keys: ['status', 'report_data']
2026-01-12 11:14:42,913 - [INFO] - api_client - ✅ Records returned: 369
2026-01-12 11:14:42,913 - [DEBUG] - api_client - Sample record (first): {
  "cust_id": "49",
  "id": "184",
  "comp_nm": "S S ORTHO TOOLS ",
  "city": "BANGALORE ",
  "state": "KARNATAKA",
  "parent_category": "Bone Plate",
  "category_name": "AS. Distal Fibula Plate",
  "meta_keyword": "AAs.262",
  "SQ": "6",
  "SV": "7351.86"
}
2026-01-12 11:14:42,913 - [INFO] - api_client - ================================================================================
2026-01-12 11:14:42,915 - [DEBUG] - api_client - API Response received successfully
2026-01-12 11:14:42,915 - [DEBUG] - api_client - Using 'report_data' key - 369 records
2026-01-12 11:14:42,915 - [INFO] - api_client - Converting 369 records to DataFrame...
2026-01-12 11:14:42,916 - [DEBUG] - api_client - DataFrame shape: (369, 10)
2026-01-12 11:14:42,916 - [DEBUG] - api_client - Column names: ['cust_id', 'id', 'comp_nm', 'city', 'state', 'parent_category', 'category_name', 'meta_keyword', 'SQ', 'SV']
2026-01-12 11:14:42,917 - [DEBUG] - api_client - After column mapping: ['Customer ID', 'id', 'Dealer Name', 'City', 'State', 'Category', 'Sub Category', 'Product Code', 'Qty', 'Value']
2026-01-12 11:14:42,918 - [DEBUG] - api_client - Converted Qty to numeric
2026-01-12 11:14:42,918 - [DEBUG] - api_client - Converted Value to numeric
2026-01-12 11:14:42,919 - [INFO] - api_client - No date column found. Generating dates from 15-01-2026 to 15-01-2026
2026-01-12 11:14:42,919 - [INFO] - api_client - ✅ Generated 369 dates across 1 days
2026-01-12 11:14:42,920 - [INFO] - api_client - ✅ Data cached with key: api_data_15-01-2026_15-01-2026
2026-01-12 11:14:42,920 - [INFO] - api_client - Final DataFrame shape: (369, 11)
2026-01-12 11:14:42,920 - [INFO] - api_client - ================================================================================
2026-01-12 11:14:42,922 - [INFO] - api_client - ================================================================================
2026-01-12 11:14:42,922 - [INFO] - api_client - FETCH DASHBOARD DATA INITIATED
2026-01-12 11:14:42,922 - [INFO] - api_client - ================================================================================
2026-01-12 11:14:42,922 - [INFO] - api_client - Parameters - Period: year, Start Date: 05-01-2026, End Date: 12-01-2026
2026-01-12 11:14:42,922 - [DEBUG] - api_client - Cache Key: api_data_05-01-2026_12-01-2026
2026-01-12 11:14:42,922 - [INFO] - api_client - ✅ Using cached data for: api_data_05-01-2026_12-01-2026
2026-01-12 11:14:42,922 - [INFO] - api_client - ================================================================================
2026-01-12 11:14:45,525 - [INFO] - api_client - ================================================================================
2026-01-12 11:14:45,526 - [INFO] - api_client - FETCH DASHBOARD DATA INITIATED
2026-01-12 11:14:45,526 - [INFO] - api_client - ================================================================================
2026-01-12 11:14:45,526 - [INFO] - api_client - Parameters - Period: year, Start Date: 15-01-2026, End Date: 23-01-2026
2026-01-12 11:14:45,526 - [DEBUG] - api_client - Cache Key: api_data_15-01-2026_23-01-2026
2026-01-12 11:14:45,527 - [DEBUG] - api_client - No cached data found, fetching from API...
2026-01-12 11:14:45,527 - [DEBUG] - api_client - Date range converted: 2026-01-15 00:00:00 to 2026-01-23 00:00:00
2026-01-12 11:14:45,528 - [DEBUG] - api_client - Making API call...
2026-01-12 11:14:45,528 - [INFO] - api_client - ================================================================================
2026-01-12 11:14:45,528 - [INFO] - api_client - GET SALES REPORT REQUEST INITIATED
2026-01-12 11:14:45,528 - [INFO] - api_client - ================================================================================
2026-01-12 11:14:45,528 - [INFO] - api_client - Period-based date range: year
2026-01-12 11:14:45,528 - [INFO] - api_client - Date Range - Start: 01-01-2026, End: 12-01-2026
2026-01-12 11:14:45,528 - [DEBUG] - api_client - ✅ Date format validation passed
2026-01-12 11:14:45,528 - [INFO] - api_client - API URL: https://avantemedicals.com/API/api.php?action=get_sales_report
2026-01-12 11:14:45,529 - [DEBUG] - api_client - Request Payload: {
  "action": "get_sales_report",
  "startdate": "01-01-2026",
  "enddate": "12-01-2026"
}
2026-01-12 11:14:45,529 - [DEBUG] - api_client - Request Headers: {
  "Content-Type": "application/json"
}
2026-01-12 11:14:45,531 - [DEBUG] - urllib3.connectionpool - Starting new HTTPS connection (1): avantemedicals.com:443
2026-01-12 11:14:45,986 - [DEBUG] - urllib3.connectionpool - https://avantemedicals.com:443 "POST /API/api.php?action=get_sales_report HTTP/1.1" 200 None
2026-01-12 11:14:45,988 - [INFO] - api_client - Response Status Code: 200
2026-01-12 11:14:45,988 - [DEBUG] - api_client - Response Headers: {'Date': 'Mon, 12 Jan 2026 05:44:45 GMT', 'Server': 'Apache', 'Cache-Control': 'no-store, no-cache, must-revalidate, max-age=0, post-check=0, pre-check=0', 'Access-Control-Allow-Headers': 'Content-Type, Origin, Authorization', 'Pragma': 'no-cache', 'Content-Encoding': 'gzip', 'Vary': 'Accept-Encoding', 'Keep-Alive': 'timeout=5, max=95', 'Connection': 'Keep-Alive', 'Transfer-Encoding': 'chunked', 'Content-Type': 'application/json'}
2026-01-12 11:14:45,990 - [INFO] - api_client - Response Status: success
2026-01-12 11:14:45,990 - [DEBUG] - api_client - Response Keys: ['status', 'report_data']
2026-01-12 11:14:45,991 - [INFO] - api_client - ✅ Records returned: 369
2026-01-12 11:14:45,991 - [DEBUG] - api_client - Sample record (first): {
  "cust_id": "49",
  "id": "184",
  "comp_nm": "S S ORTHO TOOLS ",
  "city": "BANGALORE ",
  "state": "KARNATAKA",
  "parent_category": "Bone Plate",
  "category_name": "AS. Distal Fibula Plate",
  "meta_keyword": "AAs.262",
  "SQ": "6",
  "SV": "7351.86"
}
2026-01-12 11:14:45,991 - [INFO] - api_client - ================================================================================
2026-01-12 11:14:45,994 - [DEBUG] - api_client - API Response received successfully
2026-01-12 11:14:45,994 - [DEBUG] - api_client - Using 'report_data' key - 369 records
2026-01-12 11:14:45,994 - [INFO] - api_client - Converting 369 records to DataFrame...
2026-01-12 11:14:45,997 - [DEBUG] - api_client - DataFrame shape: (369, 10)
2026-01-12 11:14:45,997 - [DEBUG] - api_client - Column names: ['cust_id', 'id', 'comp_nm', 'city', 'state', 'parent_category', 'category_name', 'meta_keyword', 'SQ', 'SV']
2026-01-12 11:14:45,998 - [DEBUG] - api_client - After column mapping: ['Customer ID', 'id', 'Dealer Name', 'City', 'State', 'Category', 'Sub Category', 'Product Code', 'Qty', 'Value']
2026-01-12 11:14:45,999 - [DEBUG] - api_client - Converted Qty to numeric
2026-01-12 11:14:45,999 - [DEBUG] - api_client - Converted Value to numeric
2026-01-12 11:14:45,999 - [INFO] - api_client - No date column found. Generating dates from 15-01-2026 to 23-01-2026
2026-01-12 11:14:46,000 - [INFO] - api_client - ✅ Generated 369 dates across 9 days
2026-01-12 11:14:46,002 - [INFO] - api_client - ✅ Data cached with key: api_data_15-01-2026_23-01-2026
2026-01-12 11:14:46,002 - [INFO] - api_client - Final DataFrame shape: (369, 11)
2026-01-12 11:14:46,002 - [INFO] - api_client - ================================================================================
2026-01-12 11:14:46,003 - [INFO] - api_client - ================================================================================
2026-01-12 11:14:46,004 - [INFO] - api_client - FETCH DASHBOARD DATA INITIATED
2026-01-12 11:14:46,004 - [INFO] - api_client - ================================================================================
2026-01-12 11:14:46,004 - [INFO] - api_client - Parameters - Period: year, Start Date: 05-01-2026, End Date: 12-01-2026
2026-01-12 11:14:46,004 - [DEBUG] - api_client - Cache Key: api_data_05-01-2026_12-01-2026
2026-01-12 11:14:46,004 - [INFO] - api_client - ✅ Using cached data for: api_data_05-01-2026_12-01-2026
2026-01-12 11:14:46,004 - [INFO] - api_client - ================================================================================
2026-01-12 11:14:49,683 - [INFO] - api_client - ================================================================================
2026-01-12 11:14:49,684 - [INFO] - api_client - FETCH DASHBOARD DATA INITIATED
2026-01-12 11:14:49,684 - [INFO] - api_client - ================================================================================
2026-01-12 11:14:49,684 - [INFO] - api_client - Parameters - Period: year, Start Date: 15-01-2026, End Date: 23-01-2026
2026-01-12 11:14:49,685 - [DEBUG] - api_client - Cache Key: api_data_15-01-2026_23-01-2026
2026-01-12 11:14:49,688 - [INFO] - api_client - ✅ Using cached data for: api_data_15-01-2026_23-01-2026
2026-01-12 11:14:49,689 - [INFO] - api_client - ================================================================================
2026-01-12 11:14:49,692 - [INFO] - api_client - ================================================================================
2026-01-12 11:14:49,692 - [INFO] - api_client - FETCH DASHBOARD DATA INITIATED
2026-01-12 11:14:49,692 - [INFO] - api_client - ================================================================================
2026-01-12 11:14:49,692 - [INFO] - api_client - Parameters - Period: year, Start Date: 05-01-2026, End Date: 12-01-2026
2026-01-12 11:14:49,693 - [DEBUG] - api_client - Cache Key: api_data_05-01-2026_12-01-2026
2026-01-12 11:14:49,693 - [INFO] - api_client - ✅ Using cached data for: api_data_05-01-2026_12-01-2026
2026-01-12 11:14:49,693 - [INFO] - api_client - ================================================================================
2026-01-12 11:17:56,973 - [INFO] - api_client - ================================================================================
2026-01-12 11:17:56,974 - [INFO] - api_client - LOGIN REQUEST INITIATED
2026-01-12 11:17:56,974 - [INFO] - api_client - ================================================================================
2026-01-12 11:17:56,974 - [INFO] - api_client - URL: https://avantemedicals.com/API/api.php?action=login
2026-01-12 11:17:56,974 - [DEBUG] - api_client - Username: u2vp8kb
2026-01-12 11:17:56,974 - [DEBUG] - api_client - Request Payload: {
  "username": "u2vp8kb",
  "password": "asdftuy#$%78@!"
}
2026-01-12 11:17:56,980 - [DEBUG] - urllib3.connectionpool - Starting new HTTPS connection (1): avantemedicals.com:443
2026-01-12 11:17:57,884 - [DEBUG] - urllib3.connectionpool - https://avantemedicals.com:443 "POST /API/api.php?action=login HTTP/1.1" 200 None
2026-01-12 11:17:57,885 - [INFO] - api_client - Response Status Code: 200
2026-01-12 11:17:57,885 - [DEBUG] - api_client - Response Headers: {'Date': 'Mon, 12 Jan 2026 05:47:57 GMT', 'Server': 'Apache', 'Cache-Control': 'no-store, no-cache, must-revalidate, max-age=0, post-check=0, pre-check=0', 'Access-Control-Allow-Headers': 'Content-Type, Origin, Authorization', 'Pragma': 'no-cache', 'Content-Encoding': 'gzip', 'Vary': 'Accept-Encoding', 'Keep-Alive': 'timeout=5, max=100', 'Connection': 'Keep-Alive', 'Transfer-Encoding': 'chunked', 'Content-Type': 'application/json'}
2026-01-12 11:17:57,886 - [DEBUG] - api_client - Raw Response Text: {"status":"success","token":"eyJhbGciOiJIUzI1NiIsInR5cCI6IkpXVCJ9.eyJpc3MiOiJhdmFudGVtZWRpY2Fscy5jb20iLCJhdWQiOiJhdmFudGVtZWRpY2Fscy5jb20iLCJpYXQiOjE3NjgxOTY4NzcsImV4cCI6MTc2ODIwMDQ3NywiZGF0YSI6eyJhcGlfdXNlcl9pZCI6IjEiLCJ1c2VybmFtZSI6InUydnA4a2IifX0.t-2qwqk3mEJ-Oy8jjPcd_if-HZj5A3SWOzsFi81G03Y","refresh_token":"eyJhbGciOiJIUzI1NiIsInR5cCI6IkpXVCJ9.eyJpc3MiOiJhdmFudGVtZWRpY2Fscy5jb20iLCJhdWQiOiJhdmFudGVtZWRpY2Fscy5jb20iLCJpYXQiOjE3NjgxOTY4NzcsImV4cCI6MTc2ODgwMTY3NywiZGF0YSI6eyJhcGlfdXNlcl9pZCI6IjE
2026-01-12 11:17:57,886 - [INFO] - api_client - Response JSON: {
  "status": "success",
  "token": "eyJhbGciOiJIUzI1NiIsInR5cCI6IkpXVCJ9.eyJpc3MiOiJhdmFudGVtZWRpY2Fscy5jb20iLCJhdWQiOiJhdmFudGVtZWRpY2Fscy5jb20iLCJpYXQiOjE3NjgxOTY4NzcsImV4cCI6MTc2ODIwMDQ3NywiZGF0YSI6eyJhcGlfdXNlcl9pZCI6IjEiLCJ1c2VybmFtZSI6InUydnA4a2IifX0.t-2qwqk3mEJ-Oy8jjPcd_if-HZj5A3SWOzsFi81G03Y",
  "refresh_token": "eyJhbGciOiJIUzI1NiIsInR5cCI6IkpXVCJ9.eyJpc3MiOiJhdmFudGVtZWRpY2Fscy5jb20iLCJhdWQiOiJhdmFudGVtZWRpY2Fscy5jb20iLCJpYXQiOjE3NjgxOTY4NzcsImV4cCI6MTc2ODgwMTY3NywiZGF0YSI6eyJhcGlfdXNlcl9pZCI6IjEifX0.cBwVP5BxtLEZXxL85vAPNSL30IqHqGp0Wrw4-nqcSgw"
}
2026-01-12 11:17:57,886 - [DEBUG] - api_client - Login Success Check: True
2026-01-12 11:17:57,886 - [DEBUG] - api_client - Token Extracted: eyJhbGciOiJIUzI1NiIs...
2026-01-12 11:17:57,887 - [DEBUG] - api_client - Refresh Token Extracted: eyJhbGciOiJIUzI1NiIs...
2026-01-12 11:17:57,887 - [INFO] - api_client - ✅ LOGIN SUCCESSFUL - Token expires at: 2026-01-12 12:17:57.887149
2026-01-12 11:17:57,887 - [INFO] - api_client - ================================================================================
2026-01-12 11:17:57,965 - [INFO] - api_client - ================================================================================
2026-01-12 11:17:57,965 - [INFO] - api_client - FETCH DASHBOARD DATA INITIATED
2026-01-12 11:17:57,965 - [INFO] - api_client - ================================================================================
2026-01-12 11:17:57,965 - [INFO] - api_client - Parameters - Period: year, Start Date: 01-01-2026, End Date: 12-01-2026
2026-01-12 11:17:57,965 - [DEBUG] - api_client - Cache Key: api_data_01-01-2026_12-01-2026
2026-01-12 11:17:57,966 - [DEBUG] - api_client - No cached data found, fetching from API...
2026-01-12 11:17:57,966 - [DEBUG] - api_client - Date range converted: 2026-01-01 00:00:00 to 2026-01-12 00:00:00
2026-01-12 11:17:57,966 - [DEBUG] - api_client - Making API call...
2026-01-12 11:17:57,966 - [INFO] - api_client - ================================================================================
2026-01-12 11:17:57,966 - [INFO] - api_client - GET SALES REPORT REQUEST INITIATED
2026-01-12 11:17:57,966 - [INFO] - api_client - ================================================================================
2026-01-12 11:17:57,966 - [INFO] - api_client - Period-based date range: year
2026-01-12 11:17:57,966 - [INFO] - api_client - Date Range - Start: 01-01-2026, End: 12-01-2026
2026-01-12 11:17:57,966 - [DEBUG] - api_client - ✅ Date format validation passed
2026-01-12 11:17:57,966 - [INFO] - api_client - API URL: https://avantemedicals.com/API/api.php?action=get_sales_report
2026-01-12 11:17:57,966 - [DEBUG] - api_client - Request Payload: {
  "action": "get_sales_report",
  "startdate": "01-01-2026",
  "enddate": "12-01-2026"
}
2026-01-12 11:17:57,966 - [DEBUG] - api_client - Request Headers: {
  "Content-Type": "application/json"
}
2026-01-12 11:17:57,967 - [DEBUG] - urllib3.connectionpool - Starting new HTTPS connection (1): avantemedicals.com:443
2026-01-12 11:17:58,646 - [DEBUG] - urllib3.connectionpool - https://avantemedicals.com:443 "POST /API/api.php?action=get_sales_report HTTP/1.1" 200 None
2026-01-12 11:17:58,647 - [INFO] - api_client - Response Status Code: 200
2026-01-12 11:17:58,648 - [DEBUG] - api_client - Response Headers: {'Date': 'Mon, 12 Jan 2026 05:47:58 GMT', 'Server': 'Apache', 'Cache-Control': 'no-store, no-cache, must-revalidate, max-age=0, post-check=0, pre-check=0', 'Access-Control-Allow-Headers': 'Content-Type, Origin, Authorization', 'Pragma': 'no-cache', 'Content-Encoding': 'gzip', 'Vary': 'Accept-Encoding', 'Keep-Alive': 'timeout=5, max=99', 'Connection': 'Keep-Alive', 'Transfer-Encoding': 'chunked', 'Content-Type': 'application/json'}
2026-01-12 11:17:58,649 - [INFO] - api_client - Response Status: success
2026-01-12 11:17:58,650 - [DEBUG] - api_client - Response Keys: ['status', 'report_data']
2026-01-12 11:17:58,650 - [INFO] - api_client - ✅ Records returned: 369
2026-01-12 11:17:58,650 - [DEBUG] - api_client - Sample record (first): {
  "cust_id": "49",
  "id": "184",
  "comp_nm": "S S ORTHO TOOLS ",
  "city": "BANGALORE ",
  "state": "KARNATAKA",
  "parent_category": "Bone Plate",
  "category_name": "AS. Distal Fibula Plate",
  "meta_keyword": "AAs.262",
  "SQ": "6",
  "SV": "7351.86"
}
2026-01-12 11:17:58,650 - [INFO] - api_client - ================================================================================
2026-01-12 11:17:58,653 - [DEBUG] - api_client - API Response received successfully
2026-01-12 11:17:58,653 - [DEBUG] - api_client - Using 'report_data' key - 369 records
2026-01-12 11:17:58,653 - [INFO] - api_client - Converting 369 records to DataFrame...
2026-01-12 11:17:58,656 - [DEBUG] - api_client - DataFrame shape: (369, 10)
2026-01-12 11:17:58,656 - [DEBUG] - api_client - Column names: ['cust_id', 'id', 'comp_nm', 'city', 'state', 'parent_category', 'category_name', 'meta_keyword', 'SQ', 'SV']
2026-01-12 11:17:58,657 - [DEBUG] - api_client - After column mapping: ['Customer ID', 'id', 'Dealer Name', 'City', 'State', 'Category', 'Sub Category', 'Product Code', 'Qty', 'Value']
2026-01-12 11:17:58,658 - [DEBUG] - api_client - Converted Qty to numeric
2026-01-12 11:17:58,659 - [DEBUG] - api_client - Converted Value to numeric
2026-01-12 11:17:58,659 - [INFO] - api_client - No date column found. Generating dates from 01-01-2026 to 12-01-2026
2026-01-12 11:17:58,659 - [INFO] - api_client - ✅ Generated 369 dates across 12 days
2026-01-12 11:17:58,660 - [INFO] - api_client - ✅ Data cached with key: api_data_01-01-2026_12-01-2026
2026-01-12 11:17:58,661 - [INFO] - api_client - Final DataFrame shape: (369, 11)
2026-01-12 11:17:58,661 - [INFO] - api_client - ================================================================================
2026-01-12 11:17:58,663 - [INFO] - api_client - ================================================================================
2026-01-12 11:17:58,663 - [INFO] - api_client - FETCH DASHBOARD DATA INITIATED
2026-01-12 11:17:58,663 - [INFO] - api_client - ================================================================================
2026-01-12 11:17:58,663 - [INFO] - api_client - Parameters - Period: year, Start Date: 05-01-2026, End Date: 12-01-2026
2026-01-12 11:17:58,663 - [DEBUG] - api_client - Cache Key: api_data_05-01-2026_12-01-2026
2026-01-12 11:17:58,663 - [DEBUG] - api_client - No cached data found, fetching from API...
2026-01-12 11:17:58,664 - [DEBUG] - api_client - Date range converted: 2026-01-05 00:00:00 to 2026-01-12 00:00:00
2026-01-12 11:17:58,664 - [DEBUG] - api_client - Making API call...
2026-01-12 11:17:58,664 - [INFO] - api_client - ================================================================================
2026-01-12 11:17:58,664 - [INFO] - api_client - GET SALES REPORT REQUEST INITIATED
2026-01-12 11:17:58,664 - [INFO] - api_client - ================================================================================
2026-01-12 11:17:58,664 - [INFO] - api_client - Period-based date range: year
2026-01-12 11:17:58,664 - [INFO] - api_client - Date Range - Start: 01-01-2026, End: 12-01-2026
2026-01-12 11:17:58,665 - [DEBUG] - api_client - ✅ Date format validation passed
2026-01-12 11:17:58,665 - [INFO] - api_client - API URL: https://avantemedicals.com/API/api.php?action=get_sales_report
2026-01-12 11:17:58,665 - [DEBUG] - api_client - Request Payload: {
  "action": "get_sales_report",
  "startdate": "01-01-2026",
  "enddate": "12-01-2026"
}
2026-01-12 11:17:58,665 - [DEBUG] - api_client - Request Headers: {
  "Content-Type": "application/json"
}
2026-01-12 11:17:58,666 - [DEBUG] - urllib3.connectionpool - Starting new HTTPS connection (1): avantemedicals.com:443
2026-01-12 11:17:59,311 - [DEBUG] - urllib3.connectionpool - https://avantemedicals.com:443 "POST /API/api.php?action=get_sales_report HTTP/1.1" 200 None
2026-01-12 11:17:59,312 - [INFO] - api_client - Response Status Code: 200
2026-01-12 11:17:59,313 - [DEBUG] - api_client - Response Headers: {'Date': 'Mon, 12 Jan 2026 05:47:59 GMT', 'Server': 'Apache', 'Cache-Control': 'no-store, no-cache, must-revalidate, max-age=0, post-check=0, pre-check=0', 'Access-Control-Allow-Headers': 'Content-Type, Origin, Authorization', 'Pragma': 'no-cache', 'Content-Encoding': 'gzip', 'Vary': 'Accept-Encoding', 'Keep-Alive': 'timeout=5, max=98', 'Connection': 'Keep-Alive', 'Transfer-Encoding': 'chunked', 'Content-Type': 'application/json'}
2026-01-12 11:17:59,314 - [INFO] - api_client - Response Status: success
2026-01-12 11:17:59,314 - [DEBUG] - api_client - Response Keys: ['status', 'report_data']
2026-01-12 11:17:59,314 - [INFO] - api_client - ✅ Records returned: 369
2026-01-12 11:17:59,315 - [DEBUG] - api_client - Sample record (first): {
  "cust_id": "49",
  "id": "184",
  "comp_nm": "S S ORTHO TOOLS ",
  "city": "BANGALORE ",
  "state": "KARNATAKA",
  "parent_category": "Bone Plate",
  "category_name": "AS. Distal Fibula Plate",
  "meta_keyword": "AAs.262",
  "SQ": "6",
  "SV": "7351.86"
}
2026-01-12 11:17:59,315 - [INFO] - api_client - ================================================================================
2026-01-12 11:17:59,317 - [DEBUG] - api_client - API Response received successfully
2026-01-12 11:17:59,317 - [DEBUG] - api_client - Using 'report_data' key - 369 records
2026-01-12 11:17:59,317 - [INFO] - api_client - Converting 369 records to DataFrame...
2026-01-12 11:17:59,320 - [DEBUG] - api_client - DataFrame shape: (369, 10)
2026-01-12 11:17:59,320 - [DEBUG] - api_client - Column names: ['cust_id', 'id', 'comp_nm', 'city', 'state', 'parent_category', 'category_name', 'meta_keyword', 'SQ', 'SV']
2026-01-12 11:17:59,321 - [DEBUG] - api_client - After column mapping: ['Customer ID', 'id', 'Dealer Name', 'City', 'State', 'Category', 'Sub Category', 'Product Code', 'Qty', 'Value']
2026-01-12 11:17:59,322 - [DEBUG] - api_client - Converted Qty to numeric
2026-01-12 11:17:59,323 - [DEBUG] - api_client - Converted Value to numeric
2026-01-12 11:17:59,323 - [INFO] - api_client - No date column found. Generating dates from 05-01-2026 to 12-01-2026
2026-01-12 11:17:59,324 - [INFO] - api_client - ✅ Generated 369 dates across 8 days
2026-01-12 11:17:59,325 - [INFO] - api_client - ✅ Data cached with key: api_data_05-01-2026_12-01-2026
2026-01-12 11:17:59,325 - [INFO] - api_client - Final DataFrame shape: (369, 11)
2026-01-12 11:17:59,325 - [INFO] - api_client - ================================================================================
2026-01-12 11:18:06,713 - [INFO] - api_client - ================================================================================
2026-01-12 11:18:06,713 - [INFO] - api_client - FETCH DASHBOARD DATA INITIATED
2026-01-12 11:18:06,714 - [INFO] - api_client - ================================================================================
2026-01-12 11:18:06,714 - [INFO] - api_client - Parameters - Period: year, Start Date: 14-01-2026, End Date: 12-01-2026
2026-01-12 11:18:06,714 - [DEBUG] - api_client - Cache Key: api_data_14-01-2026_12-01-2026
2026-01-12 11:18:06,714 - [DEBUG] - api_client - No cached data found, fetching from API...
2026-01-12 11:18:06,714 - [DEBUG] - api_client - Date range converted: 2026-01-14 00:00:00 to 2026-01-12 00:00:00
2026-01-12 11:18:06,715 - [DEBUG] - api_client - Making API call...
2026-01-12 11:18:06,715 - [INFO] - api_client - ================================================================================
2026-01-12 11:18:06,715 - [INFO] - api_client - GET SALES REPORT REQUEST INITIATED
2026-01-12 11:18:06,715 - [INFO] - api_client - ================================================================================
2026-01-12 11:18:06,716 - [INFO] - api_client - Period-based date range: year
2026-01-12 11:18:06,716 - [INFO] - api_client - Date Range - Start: 01-01-2026, End: 12-01-2026
2026-01-12 11:18:06,716 - [DEBUG] - api_client - ✅ Date format validation passed
2026-01-12 11:18:06,716 - [INFO] - api_client - API URL: https://avantemedicals.com/API/api.php?action=get_sales_report
2026-01-12 11:18:06,716 - [DEBUG] - api_client - Request Payload: {
  "action": "get_sales_report",
  "startdate": "01-01-2026",
  "enddate": "12-01-2026"
}
2026-01-12 11:18:06,716 - [DEBUG] - api_client - Request Headers: {
  "Content-Type": "application/json"
}
2026-01-12 11:18:06,718 - [DEBUG] - urllib3.connectionpool - Starting new HTTPS connection (1): avantemedicals.com:443
2026-01-12 11:18:07,960 - [DEBUG] - urllib3.connectionpool - https://avantemedicals.com:443 "POST /API/api.php?action=get_sales_report HTTP/1.1" 200 None
2026-01-12 11:18:07,961 - [INFO] - api_client - Response Status Code: 200
2026-01-12 11:18:07,961 - [DEBUG] - api_client - Response Headers: {'Date': 'Mon, 12 Jan 2026 05:48:07 GMT', 'Server': 'Apache', 'Cache-Control': 'no-store, no-cache, must-revalidate, max-age=0, post-check=0, pre-check=0', 'Access-Control-Allow-Headers': 'Content-Type, Origin, Authorization', 'Pragma': 'no-cache', 'Content-Encoding': 'gzip', 'Vary': 'Accept-Encoding', 'Keep-Alive': 'timeout=5, max=100', 'Connection': 'Keep-Alive', 'Transfer-Encoding': 'chunked', 'Content-Type': 'application/json'}
2026-01-12 11:18:07,962 - [INFO] - api_client - Response Status: success
2026-01-12 11:18:07,962 - [DEBUG] - api_client - Response Keys: ['status', 'report_data']
2026-01-12 11:18:07,962 - [INFO] - api_client - ✅ Records returned: 369
2026-01-12 11:18:07,962 - [DEBUG] - api_client - Sample record (first): {
  "cust_id": "49",
  "id": "184",
  "comp_nm": "S S ORTHO TOOLS ",
  "city": "BANGALORE ",
  "state": "KARNATAKA",
  "parent_category": "Bone Plate",
  "category_name": "AS. Distal Fibula Plate",
  "meta_keyword": "AAs.262",
  "SQ": "6",
  "SV": "7351.86"
}
2026-01-12 11:18:07,962 - [INFO] - api_client - ================================================================================
2026-01-12 11:18:07,964 - [DEBUG] - api_client - API Response received successfully
2026-01-12 11:18:07,964 - [DEBUG] - api_client - Using 'report_data' key - 369 records
2026-01-12 11:18:07,964 - [INFO] - api_client - Converting 369 records to DataFrame...
2026-01-12 11:18:07,966 - [DEBUG] - api_client - DataFrame shape: (369, 10)
2026-01-12 11:18:07,966 - [DEBUG] - api_client - Column names: ['cust_id', 'id', 'comp_nm', 'city', 'state', 'parent_category', 'category_name', 'meta_keyword', 'SQ', 'SV']
2026-01-12 11:18:07,967 - [DEBUG] - api_client - After column mapping: ['Customer ID', 'id', 'Dealer Name', 'City', 'State', 'Category', 'Sub Category', 'Product Code', 'Qty', 'Value']
2026-01-12 11:18:07,967 - [DEBUG] - api_client - Converted Qty to numeric
2026-01-12 11:18:07,968 - [DEBUG] - api_client - Converted Value to numeric
2026-01-12 11:18:07,968 - [INFO] - api_client - No date column found. Generating dates from 14-01-2026 to 12-01-2026
2026-01-12 11:18:07,969 - [INFO] - api_client - ✅ Generated 369 dates across -1 days
2026-01-12 11:18:07,970 - [INFO] - api_client - ✅ Data cached with key: api_data_14-01-2026_12-01-2026
2026-01-12 11:18:07,970 - [INFO] - api_client - Final DataFrame shape: (369, 11)
2026-01-12 11:18:07,970 - [INFO] - api_client - ================================================================================
2026-01-12 11:18:07,972 - [INFO] - api_client - ================================================================================
2026-01-12 11:18:07,972 - [INFO] - api_client - FETCH DASHBOARD DATA INITIATED
2026-01-12 11:18:07,972 - [INFO] - api_client - ================================================================================
2026-01-12 11:18:07,972 - [INFO] - api_client - Parameters - Period: year, Start Date: 05-01-2026, End Date: 12-01-2026
2026-01-12 11:18:07,972 - [DEBUG] - api_client - Cache Key: api_data_05-01-2026_12-01-2026
2026-01-12 11:18:07,972 - [INFO] - api_client - ✅ Using cached data for: api_data_05-01-2026_12-01-2026
2026-01-12 11:18:07,972 - [INFO] - api_client - ================================================================================
2026-01-12 11:18:09,324 - [INFO] - api_client - ================================================================================
2026-01-12 11:18:09,324 - [INFO] - api_client - FETCH DASHBOARD DATA INITIATED
2026-01-12 11:18:09,325 - [INFO] - api_client - ================================================================================
2026-01-12 11:18:09,325 - [INFO] - api_client - Parameters - Period: year, Start Date: 14-01-2026, End Date: 14-01-2026
2026-01-12 11:18:09,325 - [DEBUG] - api_client - Cache Key: api_data_14-01-2026_14-01-2026
2026-01-12 11:18:09,325 - [DEBUG] - api_client - No cached data found, fetching from API...
2026-01-12 11:18:09,325 - [DEBUG] - api_client - Date range converted: 2026-01-14 00:00:00 to 2026-01-14 00:00:00
2026-01-12 11:18:09,325 - [DEBUG] - api_client - Making API call...
2026-01-12 11:18:09,325 - [INFO] - api_client - ================================================================================
2026-01-12 11:18:09,325 - [INFO] - api_client - GET SALES REPORT REQUEST INITIATED
2026-01-12 11:18:09,325 - [INFO] - api_client - ================================================================================
2026-01-12 11:18:09,325 - [INFO] - api_client - Period-based date range: year
2026-01-12 11:18:09,325 - [INFO] - api_client - Date Range - Start: 01-01-2026, End: 12-01-2026
2026-01-12 11:18:09,325 - [DEBUG] - api_client - ✅ Date format validation passed
2026-01-12 11:18:09,325 - [INFO] - api_client - API URL: https://avantemedicals.com/API/api.php?action=get_sales_report
2026-01-12 11:18:09,325 - [DEBUG] - api_client - Request Payload: {
  "action": "get_sales_report",
  "startdate": "01-01-2026",
  "enddate": "12-01-2026"
}
2026-01-12 11:18:09,325 - [DEBUG] - api_client - Request Headers: {
  "Content-Type": "application/json"
}
2026-01-12 11:18:09,327 - [DEBUG] - urllib3.connectionpool - Starting new HTTPS connection (1): avantemedicals.com:443
2026-01-12 11:18:10,107 - [DEBUG] - urllib3.connectionpool - https://avantemedicals.com:443 "POST /API/api.php?action=get_sales_report HTTP/1.1" 200 None
2026-01-12 11:18:10,108 - [INFO] - api_client - Response Status Code: 200
2026-01-12 11:18:10,108 - [DEBUG] - api_client - Response Headers: {'Date': 'Mon, 12 Jan 2026 05:48:09 GMT', 'Server': 'Apache', 'Cache-Control': 'no-store, no-cache, must-revalidate, max-age=0, post-check=0, pre-check=0', 'Access-Control-Allow-Headers': 'Content-Type, Origin, Authorization', 'Pragma': 'no-cache', 'Content-Encoding': 'gzip', 'Vary': 'Accept-Encoding', 'Keep-Alive': 'timeout=5, max=99', 'Connection': 'Keep-Alive', 'Transfer-Encoding': 'chunked', 'Content-Type': 'application/json'}
2026-01-12 11:18:10,109 - [INFO] - api_client - Response Status: success
2026-01-12 11:18:10,110 - [DEBUG] - api_client - Response Keys: ['status', 'report_data']
2026-01-12 11:18:10,110 - [INFO] - api_client - ✅ Records returned: 369
2026-01-12 11:18:10,110 - [DEBUG] - api_client - Sample record (first): {
  "cust_id": "49",
  "id": "184",
  "comp_nm": "S S ORTHO TOOLS ",
  "city": "BANGALORE ",
  "state": "KARNATAKA",
  "parent_category": "Bone Plate",
  "category_name": "AS. Distal Fibula Plate",
  "meta_keyword": "AAs.262",
  "SQ": "6",
  "SV": "7351.86"
}
2026-01-12 11:18:10,110 - [INFO] - api_client - ================================================================================
2026-01-12 11:18:10,112 - [DEBUG] - api_client - API Response received successfully
2026-01-12 11:18:10,112 - [DEBUG] - api_client - Using 'report_data' key - 369 records
2026-01-12 11:18:10,112 - [INFO] - api_client - Converting 369 records to DataFrame...
2026-01-12 11:18:10,114 - [DEBUG] - api_client - DataFrame shape: (369, 10)
2026-01-12 11:18:10,114 - [DEBUG] - api_client - Column names: ['cust_id', 'id', 'comp_nm', 'city', 'state', 'parent_category', 'category_name', 'meta_keyword', 'SQ', 'SV']
2026-01-12 11:18:10,115 - [DEBUG] - api_client - After column mapping: ['Customer ID', 'id', 'Dealer Name', 'City', 'State', 'Category', 'Sub Category', 'Product Code', 'Qty', 'Value']
2026-01-12 11:18:10,116 - [DEBUG] - api_client - Converted Qty to numeric
2026-01-12 11:18:10,116 - [DEBUG] - api_client - Converted Value to numeric
2026-01-12 11:18:10,117 - [INFO] - api_client - No date column found. Generating dates from 14-01-2026 to 14-01-2026
2026-01-12 11:18:10,117 - [INFO] - api_client - ✅ Generated 369 dates across 1 days
2026-01-12 11:18:10,119 - [INFO] - api_client - ✅ Data cached with key: api_data_14-01-2026_14-01-2026
2026-01-12 11:18:10,119 - [INFO] - api_client - Final DataFrame shape: (369, 11)
2026-01-12 11:18:10,119 - [INFO] - api_client - ================================================================================
2026-01-12 11:18:10,121 - [INFO] - api_client - ================================================================================
2026-01-12 11:18:10,121 - [INFO] - api_client - FETCH DASHBOARD DATA INITIATED
2026-01-12 11:18:10,122 - [INFO] - api_client - ================================================================================
2026-01-12 11:18:10,122 - [INFO] - api_client - Parameters - Period: year, Start Date: 05-01-2026, End Date: 12-01-2026
2026-01-12 11:18:10,122 - [DEBUG] - api_client - Cache Key: api_data_05-01-2026_12-01-2026
2026-01-12 11:18:10,122 - [INFO] - api_client - ✅ Using cached data for: api_data_05-01-2026_12-01-2026
2026-01-12 11:18:10,122 - [INFO] - api_client - ================================================================================
2026-01-12 11:18:38,517 - [INFO] - api_client - ================================================================================
2026-01-12 11:18:38,535 - [INFO] - api_client - FETCH DASHBOARD DATA INITIATED
2026-01-12 11:18:38,535 - [INFO] - api_client - ================================================================================
2026-01-12 11:18:38,536 - [INFO] - api_client - Parameters - Period: year, Start Date: 13-01-2026, End Date: 14-01-2026
2026-01-12 11:18:38,536 - [DEBUG] - api_client - Cache Key: api_data_13-01-2026_14-01-2026
2026-01-12 11:18:38,536 - [DEBUG] - api_client - No cached data found, fetching from API...
2026-01-12 11:18:38,536 - [DEBUG] - api_client - Date range converted: 2026-01-13 00:00:00 to 2026-01-14 00:00:00
2026-01-12 11:18:38,537 - [DEBUG] - api_client - Making API call...
2026-01-12 11:18:38,538 - [INFO] - api_client - ================================================================================
2026-01-12 11:18:38,538 - [INFO] - api_client - GET SALES REPORT REQUEST INITIATED
2026-01-12 11:18:38,538 - [INFO] - api_client - ================================================================================
2026-01-12 11:18:38,538 - [INFO] - api_client - Period-based date range: year
2026-01-12 11:18:38,538 - [INFO] - api_client - Date Range - Start: 01-01-2026, End: 12-01-2026
2026-01-12 11:18:38,538 - [DEBUG] - api_client - ✅ Date format validation passed
2026-01-12 11:18:38,538 - [INFO] - api_client - API URL: https://avantemedicals.com/API/api.php?action=get_sales_report
2026-01-12 11:18:38,538 - [DEBUG] - api_client - Request Payload: {
  "action": "get_sales_report",
  "startdate": "01-01-2026",
  "enddate": "12-01-2026"
}
2026-01-12 11:18:38,538 - [DEBUG] - api_client - Request Headers: {
  "Content-Type": "application/json"
}
2026-01-12 11:18:38,543 - [DEBUG] - urllib3.connectionpool - Starting new HTTPS connection (1): avantemedicals.com:443
2026-01-12 11:18:39,409 - [DEBUG] - urllib3.connectionpool - https://avantemedicals.com:443 "POST /API/api.php?action=get_sales_report HTTP/1.1" 200 None
2026-01-12 11:18:39,410 - [INFO] - api_client - Response Status Code: 200
2026-01-12 11:18:39,410 - [DEBUG] - api_client - Response Headers: {'Date': 'Mon, 12 Jan 2026 05:48:39 GMT', 'Server': 'Apache', 'Cache-Control': 'no-store, no-cache, must-revalidate, max-age=0, post-check=0, pre-check=0', 'Access-Control-Allow-Headers': 'Content-Type, Origin, Authorization', 'Pragma': 'no-cache', 'Content-Encoding': 'gzip', 'Vary': 'Accept-Encoding', 'Keep-Alive': 'timeout=5, max=100', 'Connection': 'Keep-Alive', 'Transfer-Encoding': 'chunked', 'Content-Type': 'application/json'}
2026-01-12 11:18:39,413 - [INFO] - api_client - Response Status: success
2026-01-12 11:18:39,413 - [DEBUG] - api_client - Response Keys: ['status', 'report_data']
2026-01-12 11:18:39,413 - [INFO] - api_client - ✅ Records returned: 369
2026-01-12 11:18:39,413 - [DEBUG] - api_client - Sample record (first): {
  "cust_id": "49",
  "id": "184",
  "comp_nm": "S S ORTHO TOOLS ",
  "city": "BANGALORE ",
  "state": "KARNATAKA",
  "parent_category": "Bone Plate",
  "category_name": "AS. Distal Fibula Plate",
  "meta_keyword": "AAs.262",
  "SQ": "6",
  "SV": "7351.86"
}
2026-01-12 11:18:39,413 - [INFO] - api_client - ================================================================================
2026-01-12 11:18:39,416 - [DEBUG] - api_client - API Response received successfully
2026-01-12 11:18:39,416 - [DEBUG] - api_client - Using 'report_data' key - 369 records
2026-01-12 11:18:39,416 - [INFO] - api_client - Converting 369 records to DataFrame...
2026-01-12 11:18:39,419 - [DEBUG] - api_client - DataFrame shape: (369, 10)
2026-01-12 11:18:39,419 - [DEBUG] - api_client - Column names: ['cust_id', 'id', 'comp_nm', 'city', 'state', 'parent_category', 'category_name', 'meta_keyword', 'SQ', 'SV']
2026-01-12 11:18:39,420 - [DEBUG] - api_client - After column mapping: ['Customer ID', 'id', 'Dealer Name', 'City', 'State', 'Category', 'Sub Category', 'Product Code', 'Qty', 'Value']
2026-01-12 11:18:39,421 - [DEBUG] - api_client - Converted Qty to numeric
2026-01-12 11:18:39,422 - [DEBUG] - api_client - Converted Value to numeric
2026-01-12 11:18:39,422 - [INFO] - api_client - No date column found. Generating dates from 13-01-2026 to 14-01-2026
2026-01-12 11:18:39,423 - [INFO] - api_client - ✅ Generated 369 dates across 2 days
2026-01-12 11:18:39,424 - [INFO] - api_client - ✅ Data cached with key: api_data_13-01-2026_14-01-2026
2026-01-12 11:18:39,424 - [INFO] - api_client - Final DataFrame shape: (369, 11)
2026-01-12 11:18:39,425 - [INFO] - api_client - ================================================================================
2026-01-12 11:18:39,427 - [INFO] - api_client - ================================================================================
2026-01-12 11:18:39,427 - [INFO] - api_client - FETCH DASHBOARD DATA INITIATED
2026-01-12 11:18:39,427 - [INFO] - api_client - ================================================================================
2026-01-12 11:18:39,427 - [INFO] - api_client - Parameters - Period: year, Start Date: 05-01-2026, End Date: 12-01-2026
2026-01-12 11:18:39,428 - [DEBUG] - api_client - Cache Key: api_data_05-01-2026_12-01-2026
2026-01-12 11:18:39,428 - [INFO] - api_client - ✅ Using cached data for: api_data_05-01-2026_12-01-2026
2026-01-12 11:18:39,428 - [INFO] - api_client - ================================================================================
2026-01-12 11:18:42,105 - [INFO] - api_client - ================================================================================
2026-01-12 11:18:42,105 - [INFO] - api_client - FETCH DASHBOARD DATA INITIATED
2026-01-12 11:18:42,105 - [INFO] - api_client - ================================================================================
2026-01-12 11:18:42,105 - [INFO] - api_client - Parameters - Period: year, Start Date: 13-01-2026, End Date: 22-01-2026
2026-01-12 11:18:42,105 - [DEBUG] - api_client - Cache Key: api_data_13-01-2026_22-01-2026
2026-01-12 11:18:42,106 - [DEBUG] - api_client - No cached data found, fetching from API...
2026-01-12 11:18:42,106 - [DEBUG] - api_client - Date range converted: 2026-01-13 00:00:00 to 2026-01-22 00:00:00
2026-01-12 11:18:42,107 - [DEBUG] - api_client - Making API call...
2026-01-12 11:18:42,107 - [INFO] - api_client - ================================================================================
2026-01-12 11:18:42,107 - [INFO] - api_client - GET SALES REPORT REQUEST INITIATED
2026-01-12 11:18:42,107 - [INFO] - api_client - ================================================================================
2026-01-12 11:18:42,107 - [INFO] - api_client - Period-based date range: year
2026-01-12 11:18:42,107 - [INFO] - api_client - Date Range - Start: 01-01-2026, End: 12-01-2026
2026-01-12 11:18:42,107 - [DEBUG] - api_client - ✅ Date format validation passed
2026-01-12 11:18:42,108 - [INFO] - api_client - API URL: https://avantemedicals.com/API/api.php?action=get_sales_report
2026-01-12 11:18:42,108 - [DEBUG] - api_client - Request Payload: {
  "action": "get_sales_report",
  "startdate": "01-01-2026",
  "enddate": "12-01-2026"
}
2026-01-12 11:18:42,108 - [DEBUG] - api_client - Request Headers: {
  "Content-Type": "application/json"
}
2026-01-12 11:18:42,109 - [DEBUG] - urllib3.connectionpool - Starting new HTTPS connection (1): avantemedicals.com:443
2026-01-12 11:18:43,349 - [DEBUG] - urllib3.connectionpool - https://avantemedicals.com:443 "POST /API/api.php?action=get_sales_report HTTP/1.1" 200 None
2026-01-12 11:18:43,351 - [INFO] - api_client - Response Status Code: 200
2026-01-12 11:18:43,351 - [DEBUG] - api_client - Response Headers: {'Date': 'Mon, 12 Jan 2026 05:48:42 GMT', 'Server': 'Apache', 'Cache-Control': 'no-store, no-cache, must-revalidate, max-age=0, post-check=0, pre-check=0', 'Access-Control-Allow-Headers': 'Content-Type, Origin, Authorization', 'Pragma': 'no-cache', 'Content-Encoding': 'gzip', 'Vary': 'Accept-Encoding', 'Keep-Alive': 'timeout=5, max=99', 'Connection': 'Keep-Alive', 'Transfer-Encoding': 'chunked', 'Content-Type': 'application/json'}
2026-01-12 11:18:43,353 - [INFO] - api_client - Response Status: success
2026-01-12 11:18:43,353 - [DEBUG] - api_client - Response Keys: ['status', 'report_data']
2026-01-12 11:18:43,353 - [INFO] - api_client - ✅ Records returned: 369
2026-01-12 11:18:43,353 - [DEBUG] - api_client - Sample record (first): {
  "cust_id": "49",
  "id": "184",
  "comp_nm": "S S ORTHO TOOLS ",
  "city": "BANGALORE ",
  "state": "KARNATAKA",
  "parent_category": "Bone Plate",
  "category_name": "AS. Distal Fibula Plate",
  "meta_keyword": "AAs.262",
  "SQ": "6",
  "SV": "7351.86"
}
2026-01-12 11:18:43,353 - [INFO] - api_client - ================================================================================
2026-01-12 11:18:43,356 - [DEBUG] - api_client - API Response received successfully
2026-01-12 11:18:43,356 - [DEBUG] - api_client - Using 'report_data' key - 369 records
2026-01-12 11:18:43,356 - [INFO] - api_client - Converting 369 records to DataFrame...
2026-01-12 11:18:43,358 - [DEBUG] - api_client - DataFrame shape: (369, 10)
2026-01-12 11:18:43,358 - [DEBUG] - api_client - Column names: ['cust_id', 'id', 'comp_nm', 'city', 'state', 'parent_category', 'category_name', 'meta_keyword', 'SQ', 'SV']
2026-01-12 11:18:43,359 - [DEBUG] - api_client - After column mapping: ['Customer ID', 'id', 'Dealer Name', 'City', 'State', 'Category', 'Sub Category', 'Product Code', 'Qty', 'Value']
2026-01-12 11:18:43,360 - [DEBUG] - api_client - Converted Qty to numeric
2026-01-12 11:18:43,360 - [DEBUG] - api_client - Converted Value to numeric
2026-01-12 11:18:43,360 - [INFO] - api_client - No date column found. Generating dates from 13-01-2026 to 22-01-2026
2026-01-12 11:18:43,361 - [INFO] - api_client - ✅ Generated 369 dates across 10 days
2026-01-12 11:18:43,362 - [INFO] - api_client - ✅ Data cached with key: api_data_13-01-2026_22-01-2026
2026-01-12 11:18:43,362 - [INFO] - api_client - Final DataFrame shape: (369, 11)
2026-01-12 11:18:43,362 - [INFO] - api_client - ================================================================================
2026-01-12 11:18:43,365 - [INFO] - api_client - ================================================================================
2026-01-12 11:18:43,365 - [INFO] - api_client - FETCH DASHBOARD DATA INITIATED
2026-01-12 11:18:43,365 - [INFO] - api_client - ================================================================================
2026-01-12 11:18:43,365 - [INFO] - api_client - Parameters - Period: year, Start Date: 05-01-2026, End Date: 12-01-2026
2026-01-12 11:18:43,365 - [DEBUG] - api_client - Cache Key: api_data_05-01-2026_12-01-2026
2026-01-12 11:18:43,365 - [INFO] - api_client - ✅ Using cached data for: api_data_05-01-2026_12-01-2026
2026-01-12 11:18:43,365 - [INFO] - api_client - ================================================================================
2026-01-12 11:18:49,530 - [INFO] - api_client - ================================================================================
2026-01-12 11:18:49,530 - [INFO] - api_client - FETCH DASHBOARD DATA INITIATED
2026-01-12 11:18:49,530 - [INFO] - api_client - ================================================================================
2026-01-12 11:18:49,530 - [INFO] - api_client - Parameters - Period: year, Start Date: 13-01-2026, End Date: 06-11-2025
2026-01-12 11:18:49,530 - [DEBUG] - api_client - Cache Key: api_data_13-01-2026_06-11-2025
2026-01-12 11:18:49,530 - [DEBUG] - api_client - No cached data found, fetching from API...
2026-01-12 11:18:49,530 - [DEBUG] - api_client - Date range converted: 2026-01-13 00:00:00 to 2025-11-06 00:00:00
2026-01-12 11:18:49,531 - [DEBUG] - api_client - Making API call...
2026-01-12 11:18:49,531 - [INFO] - api_client - ================================================================================
2026-01-12 11:18:49,531 - [INFO] - api_client - GET SALES REPORT REQUEST INITIATED
2026-01-12 11:18:49,531 - [INFO] - api_client - ================================================================================
2026-01-12 11:18:49,531 - [INFO] - api_client - Period-based date range: year
2026-01-12 11:18:49,531 - [INFO] - api_client - Date Range - Start: 01-01-2026, End: 12-01-2026
2026-01-12 11:18:49,531 - [DEBUG] - api_client - ✅ Date format validation passed
2026-01-12 11:18:49,531 - [INFO] - api_client - API URL: https://avantemedicals.com/API/api.php?action=get_sales_report
2026-01-12 11:18:49,532 - [DEBUG] - api_client - Request Payload: {
  "action": "get_sales_report",
  "startdate": "01-01-2026",
  "enddate": "12-01-2026"
}
2026-01-12 11:18:49,532 - [DEBUG] - api_client - Request Headers: {
  "Content-Type": "application/json"
}
2026-01-12 11:18:49,534 - [DEBUG] - urllib3.connectionpool - Starting new HTTPS connection (1): avantemedicals.com:443
2026-01-12 11:18:50,210 - [DEBUG] - urllib3.connectionpool - https://avantemedicals.com:443 "POST /API/api.php?action=get_sales_report HTTP/1.1" 200 None
2026-01-12 11:18:50,212 - [INFO] - api_client - Response Status Code: 200
2026-01-12 11:18:50,212 - [DEBUG] - api_client - Response Headers: {'Date': 'Mon, 12 Jan 2026 05:48:50 GMT', 'Server': 'Apache', 'Cache-Control': 'no-store, no-cache, must-revalidate, max-age=0, post-check=0, pre-check=0', 'Access-Control-Allow-Headers': 'Content-Type, Origin, Authorization', 'Pragma': 'no-cache', 'Content-Encoding': 'gzip', 'Vary': 'Accept-Encoding', 'Keep-Alive': 'timeout=5, max=100', 'Connection': 'Keep-Alive', 'Transfer-Encoding': 'chunked', 'Content-Type': 'application/json'}
2026-01-12 11:18:50,213 - [INFO] - api_client - Response Status: success
2026-01-12 11:18:50,214 - [DEBUG] - api_client - Response Keys: ['status', 'report_data']
2026-01-12 11:18:50,214 - [INFO] - api_client - ✅ Records returned: 369
2026-01-12 11:18:50,214 - [DEBUG] - api_client - Sample record (first): {
  "cust_id": "49",
  "id": "184",
  "comp_nm": "S S ORTHO TOOLS ",
  "city": "BANGALORE ",
  "state": "KARNATAKA",
  "parent_category": "Bone Plate",
  "category_name": "AS. Distal Fibula Plate",
  "meta_keyword": "AAs.262",
  "SQ": "6",
  "SV": "7351.86"
}
2026-01-12 11:18:50,214 - [INFO] - api_client - ================================================================================
2026-01-12 11:18:50,216 - [DEBUG] - api_client - API Response received successfully
2026-01-12 11:18:50,216 - [DEBUG] - api_client - Using 'report_data' key - 369 records
2026-01-12 11:18:50,216 - [INFO] - api_client - Converting 369 records to DataFrame...
2026-01-12 11:18:50,218 - [DEBUG] - api_client - DataFrame shape: (369, 10)
2026-01-12 11:18:50,218 - [DEBUG] - api_client - Column names: ['cust_id', 'id', 'comp_nm', 'city', 'state', 'parent_category', 'category_name', 'meta_keyword', 'SQ', 'SV']
2026-01-12 11:18:50,219 - [DEBUG] - api_client - After column mapping: ['Customer ID', 'id', 'Dealer Name', 'City', 'State', 'Category', 'Sub Category', 'Product Code', 'Qty', 'Value']
2026-01-12 11:18:50,220 - [DEBUG] - api_client - Converted Qty to numeric
2026-01-12 11:18:50,221 - [DEBUG] - api_client - Converted Value to numeric
2026-01-12 11:18:50,221 - [INFO] - api_client - No date column found. Generating dates from 13-01-2026 to 06-11-2025
2026-01-12 11:18:50,222 - [INFO] - api_client - ✅ Generated 369 dates across -67 days
2026-01-12 11:18:50,223 - [INFO] - api_client - ✅ Data cached with key: api_data_13-01-2026_06-11-2025
2026-01-12 11:18:50,223 - [INFO] - api_client - Final DataFrame shape: (369, 11)
2026-01-12 11:18:50,223 - [INFO] - api_client - ================================================================================
2026-01-12 11:18:50,225 - [INFO] - api_client - ================================================================================
2026-01-12 11:18:50,225 - [INFO] - api_client - FETCH DASHBOARD DATA INITIATED
2026-01-12 11:18:50,225 - [INFO] - api_client - ================================================================================
2026-01-12 11:18:50,225 - [INFO] - api_client - Parameters - Period: year, Start Date: 05-01-2026, End Date: 12-01-2026
2026-01-12 11:18:50,225 - [DEBUG] - api_client - Cache Key: api_data_05-01-2026_12-01-2026
2026-01-12 11:18:50,225 - [INFO] - api_client - ✅ Using cached data for: api_data_05-01-2026_12-01-2026
2026-01-12 11:18:50,226 - [INFO] - api_client - ================================================================================
2026-01-12 11:18:54,758 - [INFO] - api_client - ================================================================================
2026-01-12 11:18:54,759 - [INFO] - api_client - FETCH DASHBOARD DATA INITIATED
2026-01-12 11:18:54,759 - [INFO] - api_client - ================================================================================
2026-01-12 11:18:54,759 - [INFO] - api_client - Parameters - Period: year, Start Date: 13-01-2026, End Date: 07-11-2025
2026-01-12 11:18:54,759 - [DEBUG] - api_client - Cache Key: api_data_13-01-2026_07-11-2025
2026-01-12 11:18:54,759 - [DEBUG] - api_client - No cached data found, fetching from API...
2026-01-12 11:18:54,760 - [DEBUG] - api_client - Date range converted: 2026-01-13 00:00:00 to 2025-11-07 00:00:00
2026-01-12 11:18:54,760 - [DEBUG] - api_client - Making API call...
2026-01-12 11:18:54,761 - [INFO] - api_client - ================================================================================
2026-01-12 11:18:54,761 - [INFO] - api_client - GET SALES REPORT REQUEST INITIATED
2026-01-12 11:18:54,761 - [INFO] - api_client - ================================================================================
2026-01-12 11:18:54,761 - [INFO] - api_client - Period-based date range: year
2026-01-12 11:18:54,761 - [INFO] - api_client - Date Range - Start: 01-01-2026, End: 12-01-2026
2026-01-12 11:18:54,761 - [DEBUG] - api_client - ✅ Date format validation passed
2026-01-12 11:18:54,761 - [INFO] - api_client - API URL: https://avantemedicals.com/API/api.php?action=get_sales_report
2026-01-12 11:18:54,761 - [DEBUG] - api_client - Request Payload: {
  "action": "get_sales_report",
  "startdate": "01-01-2026",
  "enddate": "12-01-2026"
}
2026-01-12 11:18:54,761 - [DEBUG] - api_client - Request Headers: {
  "Content-Type": "application/json"
}
2026-01-12 11:18:54,764 - [DEBUG] - urllib3.connectionpool - Starting new HTTPS connection (1): avantemedicals.com:443
2026-01-12 11:18:55,801 - [DEBUG] - urllib3.connectionpool - https://avantemedicals.com:443 "POST /API/api.php?action=get_sales_report HTTP/1.1" 200 None
2026-01-12 11:18:55,802 - [INFO] - api_client - Response Status Code: 200
2026-01-12 11:18:55,803 - [DEBUG] - api_client - Response Headers: {'Date': 'Mon, 12 Jan 2026 05:48:55 GMT', 'Server': 'Apache', 'Cache-Control': 'no-store, no-cache, must-revalidate, max-age=0, post-check=0, pre-check=0', 'Access-Control-Allow-Headers': 'Content-Type, Origin, Authorization', 'Pragma': 'no-cache', 'Content-Encoding': 'gzip', 'Vary': 'Accept-Encoding', 'Keep-Alive': 'timeout=5, max=100', 'Connection': 'Keep-Alive', 'Transfer-Encoding': 'chunked', 'Content-Type': 'application/json'}
2026-01-12 11:18:55,804 - [INFO] - api_client - Response Status: success
2026-01-12 11:18:55,804 - [DEBUG] - api_client - Response Keys: ['status', 'report_data']
2026-01-12 11:18:55,805 - [INFO] - api_client - ✅ Records returned: 369
2026-01-12 11:18:55,805 - [DEBUG] - api_client - Sample record (first): {
  "cust_id": "49",
  "id": "184",
  "comp_nm": "S S ORTHO TOOLS ",
  "city": "BANGALORE ",
  "state": "KARNATAKA",
  "parent_category": "Bone Plate",
  "category_name": "AS. Distal Fibula Plate",
  "meta_keyword": "AAs.262",
  "SQ": "6",
  "SV": "7351.86"
}
2026-01-12 11:18:55,805 - [INFO] - api_client - ================================================================================
2026-01-12 11:18:55,807 - [DEBUG] - api_client - API Response received successfully
2026-01-12 11:18:55,807 - [DEBUG] - api_client - Using 'report_data' key - 369 records
2026-01-12 11:18:55,807 - [INFO] - api_client - Converting 369 records to DataFrame...
2026-01-12 11:18:55,809 - [DEBUG] - api_client - DataFrame shape: (369, 10)
2026-01-12 11:18:55,809 - [DEBUG] - api_client - Column names: ['cust_id', 'id', 'comp_nm', 'city', 'state', 'parent_category', 'category_name', 'meta_keyword', 'SQ', 'SV']
2026-01-12 11:18:55,810 - [DEBUG] - api_client - After column mapping: ['Customer ID', 'id', 'Dealer Name', 'City', 'State', 'Category', 'Sub Category', 'Product Code', 'Qty', 'Value']
2026-01-12 11:18:55,811 - [DEBUG] - api_client - Converted Qty to numeric
2026-01-12 11:18:55,811 - [DEBUG] - api_client - Converted Value to numeric
2026-01-12 11:18:55,811 - [INFO] - api_client - No date column found. Generating dates from 13-01-2026 to 07-11-2025
2026-01-12 11:18:55,812 - [INFO] - api_client - ✅ Generated 369 dates across -66 days
2026-01-12 11:18:55,813 - [INFO] - api_client - ✅ Data cached with key: api_data_13-01-2026_07-11-2025
2026-01-12 11:18:55,813 - [INFO] - api_client - Final DataFrame shape: (369, 11)
2026-01-12 11:18:55,813 - [INFO] - api_client - ================================================================================
2026-01-12 11:18:55,815 - [INFO] - api_client - ================================================================================
2026-01-12 11:18:55,815 - [INFO] - api_client - FETCH DASHBOARD DATA INITIATED
2026-01-12 11:18:55,815 - [INFO] - api_client - ================================================================================
2026-01-12 11:18:55,815 - [INFO] - api_client - Parameters - Period: year, Start Date: 05-01-2026, End Date: 12-01-2026
2026-01-12 11:18:55,815 - [DEBUG] - api_client - Cache Key: api_data_05-01-2026_12-01-2026
2026-01-12 11:18:55,816 - [INFO] - api_client - ✅ Using cached data for: api_data_05-01-2026_12-01-2026
2026-01-12 11:18:55,816 - [INFO] - api_client - ================================================================================
  Stopping...
